Using pre-set license
Built from '2022.3/staging' branch; Version is '2022.3.3f1 (7cdc2969a641) revision 8182825'; Using compiler version '192829333'; Build Type 'Release'
OS: 'Windows 11  (10.0.22621) 64bit CoreSingleLanguage' Language: 'en' Physical Memory: 7877 MB
BatchMode: 1, IsHumanControllingUs: 0, StartBugReporterOnCrash: 0, Is64bit: 1, IsPro: 1

COMMAND LINE ARGUMENTS:
C:\Program Files\Unity\Hub\Editor\2022.3.3f1\Editor\Unity.exe
-adb2
-batchMode
-noUpm
-name
AssetImportWorker1
-projectPath
C:/Users/harsh/Desktop/Unity/Terrain
-logFile
Logs/AssetImportWorker1.log
-srvPort
65083
Successfully changed project path to: C:/Users/harsh/Desktop/Unity/Terrain
C:/Users/harsh/Desktop/Unity/Terrain
[UnityMemory] Configuration Parameters - Can be set up in boot.config
    "memorysetup-bucket-allocator-granularity=16"
    "memorysetup-bucket-allocator-bucket-count=8"
    "memorysetup-bucket-allocator-block-size=33554432"
    "memorysetup-bucket-allocator-block-count=8"
    "memorysetup-main-allocator-block-size=16777216"
    "memorysetup-thread-allocator-block-size=16777216"
    "memorysetup-gfx-main-allocator-block-size=16777216"
    "memorysetup-gfx-thread-allocator-block-size=16777216"
    "memorysetup-cache-allocator-block-size=4194304"
    "memorysetup-typetree-allocator-block-size=2097152"
    "memorysetup-profiler-bucket-allocator-granularity=16"
    "memorysetup-profiler-bucket-allocator-bucket-count=8"
    "memorysetup-profiler-bucket-allocator-block-size=33554432"
    "memorysetup-profiler-bucket-allocator-block-count=8"
    "memorysetup-profiler-allocator-block-size=16777216"
    "memorysetup-profiler-editor-allocator-block-size=1048576"
    "memorysetup-temp-allocator-size-main=16777216"
    "memorysetup-job-temp-allocator-block-size=2097152"
    "memorysetup-job-temp-allocator-block-size-background=1048576"
    "memorysetup-job-temp-allocator-reduction-small-platforms=262144"
    "memorysetup-allocator-temp-initial-block-size-main=262144"
    "memorysetup-allocator-temp-initial-block-size-worker=262144"
    "memorysetup-temp-allocator-size-background-worker=32768"
    "memorysetup-temp-allocator-size-job-worker=262144"
    "memorysetup-temp-allocator-size-preload-manager=33554432"
    "memorysetup-temp-allocator-size-nav-mesh-worker=65536"
    "memorysetup-temp-allocator-size-audio-worker=65536"
    "memorysetup-temp-allocator-size-cloud-worker=32768"
    "memorysetup-temp-allocator-size-gi-baking-worker=262144"
    "memorysetup-temp-allocator-size-gfx=262144"
Player connection [11456] Host "[IP] 192.168.1.3 [Port] 0 [Flags] 2 [Guid] 3855719995 [EditorId] 3855719995 [Version] 1048832 [Id] WindowsEditor(7,DESKTOP-KT6E9JB) [Debug] 1 [PackageName] WindowsEditor [ProjectName] Editor" joined multi-casting on [225.0.0.222:54997]...

Player connection [11456] Host "[IP] 192.168.1.3 [Port] 0 [Flags] 2 [Guid] 3855719995 [EditorId] 3855719995 [Version] 1048832 [Id] WindowsEditor(7,DESKTOP-KT6E9JB) [Debug] 1 [PackageName] WindowsEditor [ProjectName] Editor" joined alternative multi-casting on [225.0.0.222:34997]...

Refreshing native plugins compatible for Editor in 39.23 ms, found 3 plugins.
Preloading 0 native plugins for Editor in 0.00 ms.
Initialize engine version: 2022.3.3f1 (7cdc2969a641)
[Subsystems] Discovering subsystems at path C:/Program Files/Unity/Hub/Editor/2022.3.3f1/Editor/Data/Resources/UnitySubsystems
[Subsystems] Discovering subsystems at path C:/Users/harsh/Desktop/Unity/Terrain/Assets
GfxDevice: creating device client; threaded=0; jobified=0
Direct3D:
    Version:  Direct3D 11.0 [level 11.1]
    Renderer: Intel(R) UHD Graphics (ID=0x8a56)
    Vendor:   Intel
    VRAM:     3938 MB
    Driver:   27.20.100.9126
Initialize mono
Mono path[0] = 'C:/Program Files/Unity/Hub/Editor/2022.3.3f1/Editor/Data/Managed'
Mono path[1] = 'C:/Program Files/Unity/Hub/Editor/2022.3.3f1/Editor/Data/MonoBleedingEdge/lib/mono/unityjit-win32'
Mono config path = 'C:/Program Files/Unity/Hub/Editor/2022.3.3f1/Editor/Data/MonoBleedingEdge/etc'
Using monoOptions --debugger-agent=transport=dt_socket,embedding=1,server=y,suspend=n,address=127.0.0.1:56384
Begin MonoManager ReloadAssembly
Registering precompiled unity dll's ...
Register platform support module: C:/Program Files/Unity/Hub/Editor/2022.3.3f1/Editor/Data/PlaybackEngines/WebGLSupport/UnityEditor.WebGL.Extensions.dll
Register platform support module: C:/Program Files/Unity/Hub/Editor/2022.3.3f1/Editor/Data/PlaybackEngines/AndroidPlayer/UnityEditor.Android.Extensions.dll
Register platform support module: C:/Program Files/Unity/Hub/Editor/2022.3.3f1/Editor/Data/PlaybackEngines/WindowsStandaloneSupport/UnityEditor.WindowsStandalone.Extensions.dll
Registered in 0.033225 seconds.
- Loaded All Assemblies, in  1.351 seconds
Native extension for WindowsStandalone target not found
Native extension for Android target not found
Android Extension - Scanning For ADB Devices 797 ms
Native extension for WebGL target not found
Mono: successfully reloaded assembly
- Finished resetting the current domain, in  2.358 seconds
Domain Reload Profiling: 3703ms
	BeginReloadAssembly (274ms)
		ExecutionOrderSort (0ms)
		DisableScriptedObjects (0ms)
		BackupInstance (0ms)
		ReleaseScriptingObjects (0ms)
		CreateAndSetChildDomain (2ms)
	RebuildCommonClasses (113ms)
	RebuildNativeTypeToScriptingClass (27ms)
	initialDomainReloadingComplete (196ms)
	LoadAllAssembliesAndSetupDomain (734ms)
		LoadAssemblies (270ms)
		RebuildTransferFunctionScriptingTraits (0ms)
		AnalyzeDomain (710ms)
			TypeCache.Refresh (707ms)
				TypeCache.ScanAssembly (668ms)
			ScanForSourceGeneratedMonoScriptInfo (1ms)
			ResolveRequiredComponents (1ms)
	FinalizeReload (2359ms)
		ReleaseScriptCaches (0ms)
		RebuildScriptCaches (0ms)
		SetupLoadedEditorAssemblies (2154ms)
			LogAssemblyErrors (0ms)
			InitializePlatformSupportModulesInManaged (1585ms)
			SetLoadedEditorAssemblies (13ms)
			RefreshPlugins (0ms)
			BeforeProcessingInitializeOnLoad (10ms)
			ProcessInitializeOnLoadAttributes (366ms)
			ProcessInitializeOnLoadMethodAttributes (180ms)
			AfterProcessingInitializeOnLoad (0ms)
			EditorAssembliesLoaded (0ms)
		ExecutionOrderSort2 (0ms)
		AwakeInstancesAfterBackupRestoration (0ms)
========================================================================
Worker process is ready to serve import requests
Begin MonoManager ReloadAssembly
Symbol file LoadedFromMemory doesn't match image C:\Users\harsh\Desktop\Unity\Terrain\Library\PackageCache\com.unity.visualscripting@1.8.0\Editor\VisualScripting.Core\Dependencies\YamlDotNet\Unity.VisualScripting.YamlDotNet.dll
Symbol file LoadedFromMemory doesn't match image C:\Users\harsh\Desktop\Unity\Terrain\Library\PackageCache\com.unity.visualscripting@1.8.0\Editor\VisualScripting.Core\Dependencies\DotNetZip\Unity.VisualScripting.IonicZip.dll
- Loaded All Assemblies, in  1.692 seconds
Refreshing native plugins compatible for Editor in 5.06 ms, found 3 plugins.
Native extension for WindowsStandalone target not found
Native extension for Android target not found
Native extension for WebGL target not found
Mono: successfully reloaded assembly
- Finished resetting the current domain, in  1.135 seconds
Domain Reload Profiling: 2821ms
	BeginReloadAssembly (363ms)
		ExecutionOrderSort (0ms)
		DisableScriptedObjects (13ms)
		BackupInstance (0ms)
		ReleaseScriptingObjects (0ms)
		CreateAndSetChildDomain (36ms)
	RebuildCommonClasses (70ms)
	RebuildNativeTypeToScriptingClass (18ms)
	initialDomainReloadingComplete (105ms)
	LoadAllAssembliesAndSetupDomain (1130ms)
		LoadAssemblies (740ms)
		RebuildTransferFunctionScriptingTraits (0ms)
		AnalyzeDomain (598ms)
			TypeCache.Refresh (569ms)
				TypeCache.ScanAssembly (550ms)
			ScanForSourceGeneratedMonoScriptInfo (22ms)
			ResolveRequiredComponents (7ms)
	FinalizeReload (1136ms)
		ReleaseScriptCaches (0ms)
		RebuildScriptCaches (0ms)
		SetupLoadedEditorAssemblies (820ms)
			LogAssemblyErrors (0ms)
			InitializePlatformSupportModulesInManaged (45ms)
			SetLoadedEditorAssemblies (9ms)
			RefreshPlugins (0ms)
			BeforeProcessingInitializeOnLoad (104ms)
			ProcessInitializeOnLoadAttributes (551ms)
			ProcessInitializeOnLoadMethodAttributes (84ms)
			AfterProcessingInitializeOnLoad (27ms)
			EditorAssembliesLoaded (0ms)
		ExecutionOrderSort2 (0ms)
		AwakeInstancesAfterBackupRestoration (27ms)
Launched and connected shader compiler UnityShaderCompiler.exe after 0.07 seconds
Refreshing native plugins compatible for Editor in 11.16 ms, found 3 plugins.
Preloading 0 native plugins for Editor in 0.00 ms.
Unloading 3066 Unused Serialized files (Serialized files now loaded: 0)
Unloading 31 unused Assets / (56.6 KB). Loaded Objects now: 3533.
Memory consumption went from 120.7 MB to 120.7 MB.
Total: 6.829500 ms (FindLiveObjects: 0.527800 ms CreateObjectMapping: 0.336000 ms MarkObjects: 5.773500 ms  DeleteObjects: 0.188700 ms)

AssetImportParameters requested are different than current active one (requested -> active):
  custom:container-demuxer-ogg: 62fdf1f143b41e24485cea50d1cbac27 -> 
  custom:video-codec-MediaFoundation-h265: 746d11721c4dcdbdad8f713fa42b33f4 -> 
  custom:video-decoder-ogg-theora: a1e56fd34408186e4bbccfd4996cb3dc -> 
  custom:framework-win-MediaFoundation: 216162199b28c13a410421893ffa2e32 -> 
  custom:container-demuxer-webm: 4f35f7cbe854078d1ac9338744f61a02 -> 
  custom:container-muxer-webm: aa71ff27fc2769a1b78a27578f13a17b -> 
  custom:video-decoder-webm-vp8: 9c59270c3fd7afecdb556c50c9e8de78 -> 
  custom:AudioImporter_EditorPlatform: d09bf68614088b80899f8185d706f6e7 -> 
  custom:video-encoder-webm-vp8: eb34c28f22e8b96e1ab97ce403110664 -> 
  custom:audio-decoder-ogg-vorbis: bf7c407c2cedff20999df2af8eb42d56 -> 
  custom:audio-encoder-webm-vorbis: bf7c407c2cedff20999df2af8eb42d56 -> 
========================================================================
Received Prepare
Refreshing native plugins compatible for Editor in 6.21 ms, found 3 plugins.
Preloading 0 native plugins for Editor in 0.00 ms.
Unloading 1 Unused Serialized files (Serialized files now loaded: 0)
Unloading 1 unused Assets / (3.0 KB). Loaded Objects now: 3533.
Memory consumption went from 71.8 MB to 71.8 MB.
Total: 100.552500 ms (FindLiveObjects: 0.988500 ms CreateObjectMapping: 0.231800 ms MarkObjects: 99.210500 ms  DeleteObjects: 0.119900 ms)

Prepare: number of updated asset objects reloaded= 0
AssetImportParameters requested are different than current active one (requested -> active):
  custom:container-demuxer-ogg: 62fdf1f143b41e24485cea50d1cbac27 -> 
  custom:video-codec-MediaFoundation-h265: 746d11721c4dcdbdad8f713fa42b33f4 -> 
  custom:video-decoder-ogg-theora: a1e56fd34408186e4bbccfd4996cb3dc -> 
  custom:framework-win-MediaFoundation: 216162199b28c13a410421893ffa2e32 -> 
  custom:container-demuxer-webm: 4f35f7cbe854078d1ac9338744f61a02 -> 
  custom:container-muxer-webm: aa71ff27fc2769a1b78a27578f13a17b -> 
  custom:video-decoder-webm-vp8: 9c59270c3fd7afecdb556c50c9e8de78 -> 
  custom:SearchIndexIgnoredProperties: e643bd26f0fe6173181afceb89e7c659 -> 
  custom:AudioImporter_EditorPlatform: d09bf68614088b80899f8185d706f6e7 -> 
  custom:video-encoder-webm-vp8: eb34c28f22e8b96e1ab97ce403110664 -> 
  custom:audio-decoder-ogg-vorbis: bf7c407c2cedff20999df2af8eb42d56 -> 
  custom:audio-encoder-webm-vorbis: bf7c407c2cedff20999df2af8eb42d56 -> 
========================================================================
Received Import Request.
  Time since last request: 1076310.098884 seconds.
  path: Assets/New Terrain.asset
  artifactKey: Guid(a879483b1b492204084556c486a2615f) Importer(2089858483,0ecaa5967403d082aa24f35e1b516d23)
Start importing Assets/New Terrain.asset using Guid(a879483b1b492204084556c486a2615f) Importer(2089858483,0ecaa5967403d082aa24f35e1b516d23) Generated GUIDs only implemented for interfaces!
 -> (artifact id: '944fbe37116cfa7fb3314480d6955e0d') in 1.855903 seconds
Number of updated asset objects reloaded before import = 0
Number of asset objects unloaded after import = 1
========================================================================
Received Prepare
Begin MonoManager ReloadAssembly
Symbol file LoadedFromMemory doesn't match image C:\Users\harsh\Desktop\Unity\Terrain\Library\PackageCache\com.unity.visualscripting@1.8.0\Editor\VisualScripting.Core\Dependencies\YamlDotNet\Unity.VisualScripting.YamlDotNet.dll
Symbol file LoadedFromMemory doesn't match image C:\Users\harsh\Desktop\Unity\Terrain\Library\PackageCache\com.unity.visualscripting@1.8.0\Editor\VisualScripting.Core\Dependencies\DotNetZip\Unity.VisualScripting.IonicZip.dll
- Loaded All Assemblies, in  7.058 seconds
Refreshing native plugins compatible for Editor in 8.48 ms, found 3 plugins.
Native extension for WindowsStandalone target not found
Native extension for Android target not found
Native extension for WebGL target not found
Mono: successfully reloaded assembly
- Finished resetting the current domain, in 28.608 seconds
Domain Reload Profiling: 35623ms
	BeginReloadAssembly (1705ms)
		ExecutionOrderSort (1ms)
		DisableScriptedObjects (58ms)
		BackupInstance (0ms)
		ReleaseScriptingObjects (2ms)
		CreateAndSetChildDomain (715ms)
	RebuildCommonClasses (89ms)
	RebuildNativeTypeToScriptingClass (25ms)
	initialDomainReloadingComplete (77ms)
	LoadAllAssembliesAndSetupDomain (5118ms)
		LoadAssemblies (4474ms)
		RebuildTransferFunctionScriptingTraits (0ms)
		AnalyzeDomain (1068ms)
			TypeCache.Refresh (1048ms)
				TypeCache.ScanAssembly (950ms)
			ScanForSourceGeneratedMonoScriptInfo (15ms)
			ResolveRequiredComponents (4ms)
	FinalizeReload (28610ms)
		ReleaseScriptCaches (0ms)
		RebuildScriptCaches (0ms)
		SetupLoadedEditorAssemblies (1458ms)
			LogAssemblyErrors (0ms)
			InitializePlatformSupportModulesInManaged (140ms)
			SetLoadedEditorAssemblies (23ms)
			RefreshPlugins (0ms)
			BeforeProcessingInitializeOnLoad (239ms)
			ProcessInitializeOnLoadAttributes (970ms)
			ProcessInitializeOnLoadMethodAttributes (54ms)
			AfterProcessingInitializeOnLoad (30ms)
			EditorAssembliesLoaded (2ms)
		ExecutionOrderSort2 (0ms)
		AwakeInstancesAfterBackupRestoration (31ms)
Refreshing native plugins compatible for Editor in 15.96 ms, found 3 plugins.
Preloading 0 native plugins for Editor in 0.00 ms.
Unloading 3070 Unused Serialized files (Serialized files now loaded: 0)
Unloading 32 unused Assets / (17.0 MB). Loaded Objects now: 3542.
Memory consumption went from 138.3 MB to 121.3 MB.
Total: 16.021100 ms (FindLiveObjects: 0.738900 ms CreateObjectMapping: 0.485300 ms MarkObjects: 11.499500 ms  DeleteObjects: 3.293200 ms)

Prepare: number of updated asset objects reloaded= 0
AssetImportParameters requested are different than current active one (requested -> active):
  custom:container-demuxer-ogg: 62fdf1f143b41e24485cea50d1cbac27 -> 
  custom:video-codec-MediaFoundation-h265: 746d11721c4dcdbdad8f713fa42b33f4 -> 
  custom:video-decoder-ogg-theora: a1e56fd34408186e4bbccfd4996cb3dc -> 
  custom:framework-win-MediaFoundation: 216162199b28c13a410421893ffa2e32 -> 
  custom:container-demuxer-webm: 4f35f7cbe854078d1ac9338744f61a02 -> 
  custom:container-muxer-webm: aa71ff27fc2769a1b78a27578f13a17b -> 
  custom:video-decoder-webm-vp8: 9c59270c3fd7afecdb556c50c9e8de78 -> 
  custom:SearchIndexIgnoredProperties: e643bd26f0fe6173181afceb89e7c659 -> 
  custom:AudioImporter_EditorPlatform: d09bf68614088b80899f8185d706f6e7 -> 
  custom:video-encoder-webm-vp8: eb34c28f22e8b96e1ab97ce403110664 -> 
  custom:audio-decoder-ogg-vorbis: bf7c407c2cedff20999df2af8eb42d56 -> 
  custom:audio-encoder-webm-vorbis: bf7c407c2cedff20999df2af8eb42d56 -> 
========================================================================
Received Prepare
Begin MonoManager ReloadAssembly
Symbol file LoadedFromMemory doesn't match image C:\Users\harsh\Desktop\Unity\Terrain\Library\PackageCache\com.unity.visualscripting@1.8.0\Editor\VisualScripting.Core\Dependencies\YamlDotNet\Unity.VisualScripting.YamlDotNet.dll
Symbol file LoadedFromMemory doesn't match image C:\Users\harsh\Desktop\Unity\Terrain\Library\PackageCache\com.unity.visualscripting@1.8.0\Editor\VisualScripting.Core\Dependencies\DotNetZip\Unity.VisualScripting.IonicZip.dll
- Loaded All Assemblies, in  2.142 seconds
Refreshing native plugins compatible for Editor in 13.35 ms, found 3 plugins.
Native extension for WindowsStandalone target not found
Native extension for Android target not found
Native extension for WebGL target not found
Mono: successfully reloaded assembly
- Finished resetting the current domain, in  2.316 seconds
Domain Reload Profiling: 4453ms
	BeginReloadAssembly (247ms)
		ExecutionOrderSort (0ms)
		DisableScriptedObjects (6ms)
		BackupInstance (0ms)
		ReleaseScriptingObjects (0ms)
		CreateAndSetChildDomain (69ms)
	RebuildCommonClasses (49ms)
	RebuildNativeTypeToScriptingClass (25ms)
	initialDomainReloadingComplete (63ms)
	LoadAllAssembliesAndSetupDomain (1753ms)
		LoadAssemblies (908ms)
		RebuildTransferFunctionScriptingTraits (0ms)
		AnalyzeDomain (952ms)
			TypeCache.Refresh (934ms)
				TypeCache.ScanAssembly (844ms)
			ScanForSourceGeneratedMonoScriptInfo (5ms)
			ResolveRequiredComponents (12ms)
	FinalizeReload (2317ms)
		ReleaseScriptCaches (0ms)
		RebuildScriptCaches (0ms)
		SetupLoadedEditorAssemblies (632ms)
			LogAssemblyErrors (0ms)
			InitializePlatformSupportModulesInManaged (52ms)
			SetLoadedEditorAssemblies (7ms)
			RefreshPlugins (0ms)
			BeforeProcessingInitializeOnLoad (93ms)
			ProcessInitializeOnLoadAttributes (445ms)
			ProcessInitializeOnLoadMethodAttributes (21ms)
			AfterProcessingInitializeOnLoad (14ms)
			EditorAssembliesLoaded (0ms)
		ExecutionOrderSort2 (0ms)
		AwakeInstancesAfterBackupRestoration (14ms)
Refreshing native plugins compatible for Editor in 5.06 ms, found 3 plugins.
Preloading 0 native plugins for Editor in 0.00 ms.
Unloading 3076 Unused Serialized files (Serialized files now loaded: 0)
Unloading 30 unused Assets / (16.6 MB). Loaded Objects now: 3551.
Memory consumption went from 138.0 MB to 121.4 MB.
Total: 4.723900 ms (FindLiveObjects: 0.252500 ms CreateObjectMapping: 0.113200 ms MarkObjects: 2.922700 ms  DeleteObjects: 1.434200 ms)

Prepare: number of updated asset objects reloaded= 0
AssetImportParameters requested are different than current active one (requested -> active):
  custom:container-demuxer-ogg: 62fdf1f143b41e24485cea50d1cbac27 -> 
  custom:video-codec-MediaFoundation-h265: 746d11721c4dcdbdad8f713fa42b33f4 -> 
  custom:video-decoder-ogg-theora: a1e56fd34408186e4bbccfd4996cb3dc -> 
  custom:framework-win-MediaFoundation: 216162199b28c13a410421893ffa2e32 -> 
  custom:container-demuxer-webm: 4f35f7cbe854078d1ac9338744f61a02 -> 
  custom:container-muxer-webm: aa71ff27fc2769a1b78a27578f13a17b -> 
  custom:video-decoder-webm-vp8: 9c59270c3fd7afecdb556c50c9e8de78 -> 
  custom:SearchIndexIgnoredProperties: e643bd26f0fe6173181afceb89e7c659 -> 
  custom:AudioImporter_EditorPlatform: d09bf68614088b80899f8185d706f6e7 -> 
  custom:video-encoder-webm-vp8: eb34c28f22e8b96e1ab97ce403110664 -> 
  custom:audio-decoder-ogg-vorbis: bf7c407c2cedff20999df2af8eb42d56 -> 
  custom:audio-encoder-webm-vorbis: bf7c407c2cedff20999df2af8eb42d56 -> 
========================================================================
Received Import Request.
  Time since last request: 1446.701567 seconds.
  path: Assets/Conifers [BOTD]/Shared Sources/Textures/BODT Conifer  Branches [Albedo] [Smoothness].tif
  artifactKey: Guid(5597dc21a8aed4e7ba2c0f93dc4b1d98) Importer(815301076,1909f56bfc062723c751e8b465ee728b)
Start importing Assets/Conifers [BOTD]/Shared Sources/Textures/BODT Conifer  Branches [Albedo] [Smoothness].tif using Guid(5597dc21a8aed4e7ba2c0f93dc4b1d98) Importer(815301076,1909f56bfc062723c751e8b465ee728b)  -> (artifact id: '94a6b7057fd841415378cbdd38414647') in 0.518621 seconds
Number of updated asset objects reloaded before import = 0
Number of asset objects unloaded after import = 2
========================================================================
Received Import Request.
  Time since last request: 0.000087 seconds.
  path: Assets/Conifers [BOTD]/Shared Sources/Textures/Billboards/Billboard Bare/Conifer Bare [Normal] [Trans] [Smoothness].png
  artifactKey: Guid(a88058accae174b14b3aac765ff6bd72) Importer(815301076,1909f56bfc062723c751e8b465ee728b)
Start importing Assets/Conifers [BOTD]/Shared Sources/Textures/Billboards/Billboard Bare/Conifer Bare [Normal] [Trans] [Smoothness].png using Guid(a88058accae174b14b3aac765ff6bd72) Importer(815301076,1909f56bfc062723c751e8b465ee728b)  -> (artifact id: '21e906eacce05de17ac0c7e6a467156b') in 0.036163 seconds
Number of updated asset objects reloaded before import = 0
Number of asset objects unloaded after import = 2
========================================================================
Received Import Request.
  Time since last request: 0.000091 seconds.
  path: Assets/Easy FPS/Images/bulllet_hole.png
  artifactKey: Guid(2026a6500a4444ec692f3e43ab5ffd5d) Importer(815301076,1909f56bfc062723c751e8b465ee728b)
Start importing Assets/Easy FPS/Images/bulllet_hole.png using Guid(2026a6500a4444ec692f3e43ab5ffd5d) Importer(815301076,1909f56bfc062723c751e8b465ee728b)  -> (artifact id: 'f8e68c2f39629fc1251398b286182b99') in 0.033530 seconds
Number of updated asset objects reloaded before import = 0
Number of asset objects unloaded after import = 2
========================================================================
Received Import Request.
  Time since last request: 0.000183 seconds.
  path: Assets/Conifers [BOTD]/Shared Sources/Textures/BODT Conifer Branches_Normal combined.tif
  artifactKey: Guid(d7dcdeeae2a5d4c6f8e5328e09728b47) Importer(815301076,1909f56bfc062723c751e8b465ee728b)
Start importing Assets/Conifers [BOTD]/Shared Sources/Textures/BODT Conifer Branches_Normal combined.tif using Guid(d7dcdeeae2a5d4c6f8e5328e09728b47) Importer(815301076,1909f56bfc062723c751e8b465ee728b)  -> (artifact id: 'abd413141f3db381b5a41aded8483ca9') in 0.033803 seconds
Number of updated asset objects reloaded before import = 0
Number of asset objects unloaded after import = 2
========================================================================
Received Import Request.
  Time since last request: 1.415260 seconds.
  path: Assets/GrassFlowers/Textures/Ground/Grass01_BigUV.png
  artifactKey: Guid(38bb15d6b378aff46b461e248592d1da) Importer(815301076,1909f56bfc062723c751e8b465ee728b)
Start importing Assets/GrassFlowers/Textures/Ground/Grass01_BigUV.png using Guid(38bb15d6b378aff46b461e248592d1da) Importer(815301076,1909f56bfc062723c751e8b465ee728b)  -> (artifact id: 'c95a13040d38a19f56e243eb6a808441') in 0.077235 seconds
Number of updated asset objects reloaded before import = 0
Number of asset objects unloaded after import = 2
========================================================================
Received Import Request.
  Time since last request: 0.000095 seconds.
  path: Assets/GrassFlowers/Textures/GrassFlowers/grassFlower07.tga
  artifactKey: Guid(5afd653e4d79b7a4c9523dd543c0bead) Importer(815301076,1909f56bfc062723c751e8b465ee728b)
Start importing Assets/GrassFlowers/Textures/GrassFlowers/grassFlower07.tga using Guid(5afd653e4d79b7a4c9523dd543c0bead) Importer(815301076,1909f56bfc062723c751e8b465ee728b)  -> (artifact id: '93bf939ab92cf0cfd354fda678b5e20d') in 0.050020 seconds
Number of updated asset objects reloaded before import = 0
Number of asset objects unloaded after import = 2
========================================================================
Received Import Request.
  Time since last request: 0.000035 seconds.
  path: Assets/GrassFlowers/Textures/GrassFlowers/grassFlower05.tga
  artifactKey: Guid(e3b33de953074bc4a88d9487f19c1202) Importer(815301076,1909f56bfc062723c751e8b465ee728b)
Start importing Assets/GrassFlowers/Textures/GrassFlowers/grassFlower05.tga using Guid(e3b33de953074bc4a88d9487f19c1202) Importer(815301076,1909f56bfc062723c751e8b465ee728b)  -> (artifact id: '246a7eef3997fb04edadfe1f3c61ab7e') in 0.042753 seconds
Number of updated asset objects reloaded before import = 0
Number of asset objects unloaded after import = 2
========================================================================
Received Import Request.
  Time since last request: 0.000044 seconds.
  path: Assets/GrassFlowers/Textures/GrassFlowers/grassFlower06.tga
  artifactKey: Guid(b3d0250e4b7a1ac4abe98a38d34d2048) Importer(815301076,1909f56bfc062723c751e8b465ee728b)
Start importing Assets/GrassFlowers/Textures/GrassFlowers/grassFlower06.tga using Guid(b3d0250e4b7a1ac4abe98a38d34d2048) Importer(815301076,1909f56bfc062723c751e8b465ee728b)  -> (artifact id: 'fb5ba1fb49e662687a751d4d367c420c') in 0.036454 seconds
Number of updated asset objects reloaded before import = 0
Number of asset objects unloaded after import = 2
========================================================================
Received Import Request.
  Time since last request: 0.000036 seconds.
  path: Assets/GrassFlowers/Textures/GrassFlowers/grass02.tga
  artifactKey: Guid(cf3069941001b5c46b1f13d4551d0fd9) Importer(815301076,1909f56bfc062723c751e8b465ee728b)
Start importing Assets/GrassFlowers/Textures/GrassFlowers/grass02.tga using Guid(cf3069941001b5c46b1f13d4551d0fd9) Importer(815301076,1909f56bfc062723c751e8b465ee728b)  -> (artifact id: 'f7ce866c3b28443ed5dc00c824f5ecaa') in 0.040542 seconds
Number of updated asset objects reloaded before import = 0
Number of asset objects unloaded after import = 2
========================================================================
Received Import Request.
  Time since last request: 0.899367 seconds.
  path: Assets/ADG_Textures/ground_vol1/ground1/ground1_Diffuse.tga
  artifactKey: Guid(eacec9cd0f31ea04b82121877a6cccaa) Importer(815301076,1909f56bfc062723c751e8b465ee728b)
Start importing Assets/ADG_Textures/ground_vol1/ground1/ground1_Diffuse.tga using Guid(eacec9cd0f31ea04b82121877a6cccaa) Importer(815301076,1909f56bfc062723c751e8b465ee728b)  -> (artifact id: '8315db45c4e681b96c3169ff7e93cd34') in 0.043625 seconds
Number of updated asset objects reloaded before import = 0
Number of asset objects unloaded after import = 2
========================================================================
Received Import Request.
  Time since last request: 0.000075 seconds.
  path: Assets/ADG_Textures/ground_vol1/ground2/ground2_Height.tga
  artifactKey: Guid(cb74fa1f447a9ed4baf1d1bce2326844) Importer(815301076,1909f56bfc062723c751e8b465ee728b)
Start importing Assets/ADG_Textures/ground_vol1/ground2/ground2_Height.tga using Guid(cb74fa1f447a9ed4baf1d1bce2326844) Importer(815301076,1909f56bfc062723c751e8b465ee728b)  -> (artifact id: '925d28d00b6555db747157c8628d9eca') in 0.049663 seconds
Number of updated asset objects reloaded before import = 0
Number of asset objects unloaded after import = 2
========================================================================
Received Import Request.
  Time since last request: 0.000059 seconds.
  path: Assets/ADG_Textures/ground_vol1/ground3/ground3_Ambient_Occlusion.tga
  artifactKey: Guid(ffe490c725fffcb479786a6e534250b9) Importer(815301076,1909f56bfc062723c751e8b465ee728b)
Start importing Assets/ADG_Textures/ground_vol1/ground3/ground3_Ambient_Occlusion.tga using Guid(ffe490c725fffcb479786a6e534250b9) Importer(815301076,1909f56bfc062723c751e8b465ee728b)  -> (artifact id: '1038cef7f20a73f47427e80b081da955') in 0.041129 seconds
Number of updated asset objects reloaded before import = 0
Number of asset objects unloaded after import = 2
========================================================================
Received Import Request.
  Time since last request: 0.000050 seconds.
  path: Assets/ADG_Textures/ground_vol1/ground1/ground1_Height.tga
  artifactKey: Guid(2a92ec3b24546c447ae2a5f5da6f3db8) Importer(815301076,1909f56bfc062723c751e8b465ee728b)
Start importing Assets/ADG_Textures/ground_vol1/ground1/ground1_Height.tga using Guid(2a92ec3b24546c447ae2a5f5da6f3db8) Importer(815301076,1909f56bfc062723c751e8b465ee728b)  -> (artifact id: '5c74c95058023728df43f73489f70166') in 0.046445 seconds
Number of updated asset objects reloaded before import = 0
Number of asset objects unloaded after import = 2
========================================================================
Received Import Request.
  Time since last request: 0.000036 seconds.
  path: Assets/ADG_Textures/ground_vol1/ground2/ground2_Diffuse.tga
  artifactKey: Guid(ef1fbc9bae2718d4a8dbe2baaa01399c) Importer(815301076,1909f56bfc062723c751e8b465ee728b)
Start importing Assets/ADG_Textures/ground_vol1/ground2/ground2_Diffuse.tga using Guid(ef1fbc9bae2718d4a8dbe2baaa01399c) Importer(815301076,1909f56bfc062723c751e8b465ee728b)  -> (artifact id: 'e73d167a4074fc597ebc055d23450bf0') in 0.037118 seconds
Number of updated asset objects reloaded before import = 0
Number of asset objects unloaded after import = 2
========================================================================
Received Import Request.
  Time since last request: 0.000416 seconds.
  path: Assets/ADG_Textures/ground_vol1/ground1/ground1_Normal.tga
  artifactKey: Guid(aeff12fbe9fe2384bae4d1b436607b55) Importer(815301076,1909f56bfc062723c751e8b465ee728b)
Start importing Assets/ADG_Textures/ground_vol1/ground1/ground1_Normal.tga using Guid(aeff12fbe9fe2384bae4d1b436607b55) Importer(815301076,1909f56bfc062723c751e8b465ee728b)  -> (artifact id: 'eaed0f5a5d7c6128fc40ee2f7fc2beca') in 0.131459 seconds
Number of updated asset objects reloaded before import = 0
Number of asset objects unloaded after import = 2
========================================================================
Received Import Request.
  Time since last request: 7.756258 seconds.
  path: Assets/ADG_Textures/ground_vol1/ground3/ground3_Metallic.tga
  artifactKey: Guid(a55658d42f533714ebdf91ad5706ee74) Importer(815301076,1909f56bfc062723c751e8b465ee728b)
Start importing Assets/ADG_Textures/ground_vol1/ground3/ground3_Metallic.tga using Guid(a55658d42f533714ebdf91ad5706ee74) Importer(815301076,1909f56bfc062723c751e8b465ee728b)  -> (artifact id: '4ffeb974124f2637682b9e9f9d9029ff') in 0.034956 seconds
Number of updated asset objects reloaded before import = 0
Number of asset objects unloaded after import = 2
========================================================================
Received Import Request.
  Time since last request: 0.000088 seconds.
  path: Assets/ADG_Textures/ground_vol1/ground3/ground3_Normal.tga
  artifactKey: Guid(c138e91626b4607499e005102913a875) Importer(815301076,1909f56bfc062723c751e8b465ee728b)
Start importing Assets/ADG_Textures/ground_vol1/ground3/ground3_Normal.tga using Guid(c138e91626b4607499e005102913a875) Importer(815301076,1909f56bfc062723c751e8b465ee728b)  -> (artifact id: 'e906bda9b26991e25f92ce79b8622531') in 0.043353 seconds
Number of updated asset objects reloaded before import = 0
Number of asset objects unloaded after import = 2
========================================================================
Received Import Request.
  Time since last request: 0.071142 seconds.
  path: Assets/ADG_Textures/ground_vol1/ground4/ground4_Height.tga
  artifactKey: Guid(3397c7f4a7562e546bcfc9faa71e1659) Importer(815301076,1909f56bfc062723c751e8b465ee728b)
Start importing Assets/ADG_Textures/ground_vol1/ground4/ground4_Height.tga using Guid(3397c7f4a7562e546bcfc9faa71e1659) Importer(815301076,1909f56bfc062723c751e8b465ee728b)  -> (artifact id: '8e15376e554be9ddc63b90d70e404116') in 0.031831 seconds
Number of updated asset objects reloaded before import = 0
Number of asset objects unloaded after import = 2
========================================================================
Received Import Request.
  Time since last request: 20.687086 seconds.
  path: Assets/ADG_Textures/ground_vol1/ground4/ground4_Normal.tga
  artifactKey: Guid(6711a6f408dca5b41b938ec249d8d444) Importer(815301076,1909f56bfc062723c751e8b465ee728b)
Start importing Assets/ADG_Textures/ground_vol1/ground4/ground4_Normal.tga using Guid(6711a6f408dca5b41b938ec249d8d444) Importer(815301076,1909f56bfc062723c751e8b465ee728b)  -> (artifact id: '10b3e7f4cd836bd61968938da3c3843a') in 0.041214 seconds
Number of updated asset objects reloaded before import = 0
Number of asset objects unloaded after import = 2
========================================================================
Received Import Request.
  Time since last request: 0.000046 seconds.
  path: Assets/ADG_Textures/ground_vol1/ground5/ground5_Diffuse.tga
  artifactKey: Guid(216e2729631e003468211108545a08f1) Importer(815301076,1909f56bfc062723c751e8b465ee728b)
Start importing Assets/ADG_Textures/ground_vol1/ground5/ground5_Diffuse.tga using Guid(216e2729631e003468211108545a08f1) Importer(815301076,1909f56bfc062723c751e8b465ee728b)  -> (artifact id: '7539bf2512a3336046fedace5ca4685b') in 0.035567 seconds
Number of updated asset objects reloaded before import = 0
Number of asset objects unloaded after import = 2
========================================================================
Received Import Request.
  Time since last request: 0.443815 seconds.
  path: Assets/ADG_Textures/ground_vol1/ground5/ground5_Metallic.tga
  artifactKey: Guid(8d63b7caa4e75dd4aa5e84f4b97befa6) Importer(815301076,1909f56bfc062723c751e8b465ee728b)
Start importing Assets/ADG_Textures/ground_vol1/ground5/ground5_Metallic.tga using Guid(8d63b7caa4e75dd4aa5e84f4b97befa6) Importer(815301076,1909f56bfc062723c751e8b465ee728b)  -> (artifact id: 'f7a569d2085ac9def0af94a62e88db0c') in 0.043692 seconds
Number of updated asset objects reloaded before import = 0
Number of asset objects unloaded after import = 2
========================================================================
Received Import Request.
  Time since last request: 0.157659 seconds.
  path: Assets/ADG_Textures/ground_vol1/ground6/ground6_Ambient_Occlusion.tga
  artifactKey: Guid(ebd3d1a8771ae20409976ac604480143) Importer(815301076,1909f56bfc062723c751e8b465ee728b)
Start importing Assets/ADG_Textures/ground_vol1/ground6/ground6_Ambient_Occlusion.tga using Guid(ebd3d1a8771ae20409976ac604480143) Importer(815301076,1909f56bfc062723c751e8b465ee728b)  -> (artifact id: '7e873c6aedc835d844770a0bbd94db94') in 0.041295 seconds
Number of updated asset objects reloaded before import = 0
Number of asset objects unloaded after import = 2
========================================================================
Received Import Request.
  Time since last request: 0.070233 seconds.
  path: Assets/ADG_Textures/ground_vol1/ground6/ground6_Height.tga
  artifactKey: Guid(083decf4ef7144f4bb014384ac1044b0) Importer(815301076,1909f56bfc062723c751e8b465ee728b)
Start importing Assets/ADG_Textures/ground_vol1/ground6/ground6_Height.tga using Guid(083decf4ef7144f4bb014384ac1044b0) Importer(815301076,1909f56bfc062723c751e8b465ee728b)  -> (artifact id: 'ef8849e22b623fe62695d00eda3e85c3') in 0.045032 seconds
Number of updated asset objects reloaded before import = 0
Number of asset objects unloaded after import = 2
========================================================================
Received Import Request.
  Time since last request: 0.320346 seconds.
  path: Assets/ADG_Textures/ground_vol1/ground6/ground6_Normal.tga
  artifactKey: Guid(7fa0035d52e52164dbe94df41517b0b7) Importer(815301076,1909f56bfc062723c751e8b465ee728b)
Start importing Assets/ADG_Textures/ground_vol1/ground6/ground6_Normal.tga using Guid(7fa0035d52e52164dbe94df41517b0b7) Importer(815301076,1909f56bfc062723c751e8b465ee728b)  -> (artifact id: '6dade891b2a45138207e8b4b2db20e55') in 0.053871 seconds
Number of updated asset objects reloaded before import = 0
Number of asset objects unloaded after import = 2
========================================================================
Received Import Request.
  Time since last request: 0.066999 seconds.
  path: Assets/ADG_Textures/ground_vol1/ground7/ground7_Diffuse.tga
  artifactKey: Guid(3d6ea8373013b3546a620f84802e06f6) Importer(815301076,1909f56bfc062723c751e8b465ee728b)
Start importing Assets/ADG_Textures/ground_vol1/ground7/ground7_Diffuse.tga using Guid(3d6ea8373013b3546a620f84802e06f6) Importer(815301076,1909f56bfc062723c751e8b465ee728b)  -> (artifact id: '2d75620b0084f784711d0653979875dc') in 0.043342 seconds
Number of updated asset objects reloaded before import = 0
Number of asset objects unloaded after import = 2
========================================================================
Received Import Request.
  Time since last request: 0.401036 seconds.
  path: Assets/ADG_Textures/ground_vol1/ground7/ground7_Metallic.tga
  artifactKey: Guid(e9d30098b0fc07a4887f73b87ad656f5) Importer(815301076,1909f56bfc062723c751e8b465ee728b)
Start importing Assets/ADG_Textures/ground_vol1/ground7/ground7_Metallic.tga using Guid(e9d30098b0fc07a4887f73b87ad656f5) Importer(815301076,1909f56bfc062723c751e8b465ee728b)  -> (artifact id: 'd78a7549a948231935c19994283d9f9c') in 0.040059 seconds
Number of updated asset objects reloaded before import = 0
Number of asset objects unloaded after import = 2
========================================================================
Received Import Request.
  Time since last request: 0.000181 seconds.
  path: Assets/ADG_Textures/ground_vol1/ground8/ground8_Ambient_Occlusion.tga
  artifactKey: Guid(83f79670916b18a4cb3dd454e8c6c7e2) Importer(815301076,1909f56bfc062723c751e8b465ee728b)
Start importing Assets/ADG_Textures/ground_vol1/ground8/ground8_Ambient_Occlusion.tga using Guid(83f79670916b18a4cb3dd454e8c6c7e2) Importer(815301076,1909f56bfc062723c751e8b465ee728b)  -> (artifact id: '8bce4888710fce17706cc69b1be44870') in 0.050617 seconds
Number of updated asset objects reloaded before import = 0
Number of asset objects unloaded after import = 2
========================================================================
Received Import Request.
  Time since last request: 0.559605 seconds.
  path: Assets/ADG_Textures/ground_vol1/ground8/ground8_Height.tga
  artifactKey: Guid(197149ea2860411408a82a7da3570ccc) Importer(815301076,1909f56bfc062723c751e8b465ee728b)
Start importing Assets/ADG_Textures/ground_vol1/ground8/ground8_Height.tga using Guid(197149ea2860411408a82a7da3570ccc) Importer(815301076,1909f56bfc062723c751e8b465ee728b)  -> (artifact id: 'aba76ee9fcae013d3c07de39335dff5b') in 0.045802 seconds
Number of updated asset objects reloaded before import = 0
Number of asset objects unloaded after import = 2
========================================================================
Received Import Request.
  Time since last request: 0.000031 seconds.
  path: Assets/ADG_Textures/ground_vol1/ground8/ground8_Metallic.tga
  artifactKey: Guid(a08e6063e7e3b4a45b860146c8c613dc) Importer(815301076,1909f56bfc062723c751e8b465ee728b)
Start importing Assets/ADG_Textures/ground_vol1/ground8/ground8_Metallic.tga using Guid(a08e6063e7e3b4a45b860146c8c613dc) Importer(815301076,1909f56bfc062723c751e8b465ee728b)  -> (artifact id: '10b8925652390a409dbf873a9130541d') in 0.050506 seconds
Number of updated asset objects reloaded before import = 0
Number of asset objects unloaded after import = 2
========================================================================
Received Import Request.
  Time since last request: 0.046822 seconds.
  path: Assets/ADG_Textures/ground_vol1/ground9/ground9_Diffuse.tga
  artifactKey: Guid(9d90663c9ea0d484eae41530ee2031c5) Importer(815301076,1909f56bfc062723c751e8b465ee728b)
Start importing Assets/ADG_Textures/ground_vol1/ground9/ground9_Diffuse.tga using Guid(9d90663c9ea0d484eae41530ee2031c5) Importer(815301076,1909f56bfc062723c751e8b465ee728b)  -> (artifact id: 'f6a5c4fd8711ac74e34722a87d1bfe17') in 0.037234 seconds
Number of updated asset objects reloaded before import = 0
Number of asset objects unloaded after import = 2
========================================================================
Received Import Request.
  Time since last request: 2.970088 seconds.
  path: Assets/ADG_Textures/ground_vol1/ground9/ground9_Metallic.tga
  artifactKey: Guid(e0fd2876c23733c4ebf4f3771c51dd3f) Importer(815301076,1909f56bfc062723c751e8b465ee728b)
Start importing Assets/ADG_Textures/ground_vol1/ground9/ground9_Metallic.tga using Guid(e0fd2876c23733c4ebf4f3771c51dd3f) Importer(815301076,1909f56bfc062723c751e8b465ee728b)  -> (artifact id: '4b69b8d37c25674378f84381e7635f02') in 0.041733 seconds
Number of updated asset objects reloaded before import = 0
Number of asset objects unloaded after import = 2
========================================================================
Received Import Request.
  Time since last request: 30.582895 seconds.
  path: Assets/ADG_Textures/ground_vol1/ground10/ground10_Ambient_Occlusion.tga
  artifactKey: Guid(24681add3f24f044daca3cc8a13e6395) Importer(815301076,1909f56bfc062723c751e8b465ee728b)
Start importing Assets/ADG_Textures/ground_vol1/ground10/ground10_Ambient_Occlusion.tga using Guid(24681add3f24f044daca3cc8a13e6395) Importer(815301076,1909f56bfc062723c751e8b465ee728b)  -> (artifact id: '441854a268329d109ed8695ae3a1cdd5') in 0.043042 seconds
Number of updated asset objects reloaded before import = 0
Number of asset objects unloaded after import = 2
========================================================================
Received Import Request.
  Time since last request: 0.000302 seconds.
  path: Assets/ADG_Textures/ground_vol1/ground10/ground10_Metallic.tga
  artifactKey: Guid(3474fc5fa2382534a9b157133916e485) Importer(815301076,1909f56bfc062723c751e8b465ee728b)
Start importing Assets/ADG_Textures/ground_vol1/ground10/ground10_Metallic.tga using Guid(3474fc5fa2382534a9b157133916e485) Importer(815301076,1909f56bfc062723c751e8b465ee728b)  -> (artifact id: '6f070da0317d7c975f2cfc33db6e399a') in 0.043024 seconds
Number of updated asset objects reloaded before import = 0
Number of asset objects unloaded after import = 2
========================================================================
Received Import Request.
  Time since last request: 0.000095 seconds.
  path: Assets/ADG_Textures/ground_vol1/ground10/ground10_Height.tga
  artifactKey: Guid(4410fd6b36868554398d61186f5d8f01) Importer(815301076,1909f56bfc062723c751e8b465ee728b)
Start importing Assets/ADG_Textures/ground_vol1/ground10/ground10_Height.tga using Guid(4410fd6b36868554398d61186f5d8f01) Importer(815301076,1909f56bfc062723c751e8b465ee728b)  -> (artifact id: '8ad3f95b035b7b3d5efd90ac566bca92') in 0.044806 seconds
Number of updated asset objects reloaded before import = 0
Number of asset objects unloaded after import = 2
========================================================================
Received Import Request.
  Time since last request: 0.265221 seconds.
  path: Assets/ADG_Textures/ground_vol1/ground11/ground11_Diffuse.tga
  artifactKey: Guid(c43f9982d7a1d574f8ad78bdc6fa59b6) Importer(815301076,1909f56bfc062723c751e8b465ee728b)
Start importing Assets/ADG_Textures/ground_vol1/ground11/ground11_Diffuse.tga using Guid(c43f9982d7a1d574f8ad78bdc6fa59b6) Importer(815301076,1909f56bfc062723c751e8b465ee728b)  -> (artifact id: 'b1d3262ecfa689ecba6f1eb82c3e3571') in 0.050094 seconds
Number of updated asset objects reloaded before import = 0
Number of asset objects unloaded after import = 2
========================================================================
Received Import Request.
  Time since last request: 0.000379 seconds.
  path: Assets/ADG_Textures/ground_vol1/ground11/ground11_Height.tga
  artifactKey: Guid(cd4707edccbd4f549a34eebe19497b9a) Importer(815301076,1909f56bfc062723c751e8b465ee728b)
Start importing Assets/ADG_Textures/ground_vol1/ground11/ground11_Height.tga using Guid(cd4707edccbd4f549a34eebe19497b9a) Importer(815301076,1909f56bfc062723c751e8b465ee728b)  -> (artifact id: 'ab899ec036b3f2493e7c6b25b0ab06ef') in 0.036653 seconds
Number of updated asset objects reloaded before import = 0
Number of asset objects unloaded after import = 2
========================================================================
Received Import Request.
  Time since last request: 0.026808 seconds.
  path: Assets/ADG_Textures/ground_vol1/ground12/ground12_Ambient_Occlusion.tga
  artifactKey: Guid(486d05903420710488646c5c8e8fd3a6) Importer(815301076,1909f56bfc062723c751e8b465ee728b)
Start importing Assets/ADG_Textures/ground_vol1/ground12/ground12_Ambient_Occlusion.tga using Guid(486d05903420710488646c5c8e8fd3a6) Importer(815301076,1909f56bfc062723c751e8b465ee728b)  -> (artifact id: '3d45616197b2fb4716561cd2d182c3c6') in 0.039256 seconds
Number of updated asset objects reloaded before import = 0
Number of asset objects unloaded after import = 2
========================================================================
Received Import Request.
  Time since last request: 0.047345 seconds.
  path: Assets/ADG_Textures/ground_vol1/ground12/ground12_Height.tga
  artifactKey: Guid(b320db6f22b011142b1e27bce43eb699) Importer(815301076,1909f56bfc062723c751e8b465ee728b)
Start importing Assets/ADG_Textures/ground_vol1/ground12/ground12_Height.tga using Guid(b320db6f22b011142b1e27bce43eb699) Importer(815301076,1909f56bfc062723c751e8b465ee728b)  -> (artifact id: '9e39e9cee65e08ff45b1c8b04941e67f') in 0.036762 seconds
Number of updated asset objects reloaded before import = 0
Number of asset objects unloaded after import = 2
========================================================================
Received Import Request.
  Time since last request: 1.263293 seconds.
  path: Assets/ADG_Textures/ground_vol1/ground12/ground12_Normal.tga
  artifactKey: Guid(817358eba3aa2e34e9a0f73eb7850fe9) Importer(815301076,1909f56bfc062723c751e8b465ee728b)
Start importing Assets/ADG_Textures/ground_vol1/ground12/ground12_Normal.tga using Guid(817358eba3aa2e34e9a0f73eb7850fe9) Importer(815301076,1909f56bfc062723c751e8b465ee728b)  -> (artifact id: 'ec9580f11a501700aac80e9f0f43fe88') in 0.044547 seconds
Number of updated asset objects reloaded before import = 0
Number of asset objects unloaded after import = 2
========================================================================
Received Import Request.
  Time since last request: 0.846883 seconds.
  path: Assets/ADG_Textures/ground_vol1/ground13/ground13_Diffuse.tga
  artifactKey: Guid(cce9f7be0e1b10244979707127c0bfc5) Importer(815301076,1909f56bfc062723c751e8b465ee728b)
Start importing Assets/ADG_Textures/ground_vol1/ground13/ground13_Diffuse.tga using Guid(cce9f7be0e1b10244979707127c0bfc5) Importer(815301076,1909f56bfc062723c751e8b465ee728b)  -> (artifact id: '51ba21284db37a9472134565d7fa43d2') in 0.041656 seconds
Number of updated asset objects reloaded before import = 0
Number of asset objects unloaded after import = 2
========================================================================
Received Import Request.
  Time since last request: 0.000069 seconds.
  path: Assets/ADG_Textures/ground_vol1/ground14/ground14_Ambient_Occlusion.tga
  artifactKey: Guid(573c7bc99dcbc0f4ea88b3ac63b42402) Importer(815301076,1909f56bfc062723c751e8b465ee728b)
Start importing Assets/ADG_Textures/ground_vol1/ground14/ground14_Ambient_Occlusion.tga using Guid(573c7bc99dcbc0f4ea88b3ac63b42402) Importer(815301076,1909f56bfc062723c751e8b465ee728b)  -> (artifact id: '22fd0e1a4dd1f1849ccadfbc1062225a') in 0.040825 seconds
Number of updated asset objects reloaded before import = 0
Number of asset objects unloaded after import = 2
========================================================================
Received Import Request.
  Time since last request: 0.000082 seconds.
  path: Assets/ADG_Textures/ground_vol1/ground13/ground13_Metallic.tga
  artifactKey: Guid(4d2c3481f7fceba4bb8e65a157391583) Importer(815301076,1909f56bfc062723c751e8b465ee728b)
Start importing Assets/ADG_Textures/ground_vol1/ground13/ground13_Metallic.tga using Guid(4d2c3481f7fceba4bb8e65a157391583) Importer(815301076,1909f56bfc062723c751e8b465ee728b)  -> (artifact id: 'ac0686aefa9e7208d44550d5b6c210b9') in 0.040757 seconds
Number of updated asset objects reloaded before import = 0
Number of asset objects unloaded after import = 2
========================================================================
Received Import Request.
  Time since last request: 0.000159 seconds.
  path: Assets/ADG_Textures/ground_vol1/ground14/ground14_Height.tga
  artifactKey: Guid(019c9c14a59c63f40aa359f74a836a1f) Importer(815301076,1909f56bfc062723c751e8b465ee728b)
Start importing Assets/ADG_Textures/ground_vol1/ground14/ground14_Height.tga using Guid(019c9c14a59c63f40aa359f74a836a1f) Importer(815301076,1909f56bfc062723c751e8b465ee728b)  -> (artifact id: 'db9b704851800b882a6b50d56b756e3e') in 0.040135 seconds
Number of updated asset objects reloaded before import = 0
Number of asset objects unloaded after import = 2
========================================================================
Received Import Request.
  Time since last request: 0.360544 seconds.
  path: Assets/ADG_Textures/ground_vol1/ground14/ground14_Normal.tga
  artifactKey: Guid(bb9441ad1e914614c84125c92ac95253) Importer(815301076,1909f56bfc062723c751e8b465ee728b)
Start importing Assets/ADG_Textures/ground_vol1/ground14/ground14_Normal.tga using Guid(bb9441ad1e914614c84125c92ac95253) Importer(815301076,1909f56bfc062723c751e8b465ee728b)  -> (artifact id: '4b941530b1882057a2b229f9d450b4a0') in 0.049592 seconds
Number of updated asset objects reloaded before import = 0
Number of asset objects unloaded after import = 2
========================================================================
Received Import Request.
  Time since last request: 39.019636 seconds.
  path: Assets/Conifers [BOTD]/Shared Sources/Textures/Billboards/Billboard Small/Conifer Small [Albedo].png
  artifactKey: Guid(1cf8efa437ce542e3a933a95bf4708b4) Importer(815301076,1909f56bfc062723c751e8b465ee728b)
Start importing Assets/Conifers [BOTD]/Shared Sources/Textures/Billboards/Billboard Small/Conifer Small [Albedo].png using Guid(1cf8efa437ce542e3a933a95bf4708b4) Importer(815301076,1909f56bfc062723c751e8b465ee728b)  -> (artifact id: 'a0991fe21cbdf6c6dc5c700fc14994f8') in 0.050477 seconds
Number of updated asset objects reloaded before import = 0
Number of asset objects unloaded after import = 2
========================================================================
Received Import Request.
  Time since last request: 7.081449 seconds.
  path: Assets/Conifers [BOTD]/Shared Sources/Textures/Billboards/Billboard Tall/Conifer Tall  [Normal] [Trans] [Smoothness].png
  artifactKey: Guid(8563448672a814173927f49bd00c2988) Importer(815301076,1909f56bfc062723c751e8b465ee728b)
Start importing Assets/Conifers [BOTD]/Shared Sources/Textures/Billboards/Billboard Tall/Conifer Tall  [Normal] [Trans] [Smoothness].png using Guid(8563448672a814173927f49bd00c2988) Importer(815301076,1909f56bfc062723c751e8b465ee728b)  -> (artifact id: '8d77092796953b0418657f711679286f') in 0.042126 seconds
Number of updated asset objects reloaded before import = 0
Number of asset objects unloaded after import = 2
========================================================================
Received Import Request.
  Time since last request: 0.000023 seconds.
  path: Assets/Conifers [BOTD]/Shared Sources/Textures/Billboards/Billboard Tall/Conifer Tall [Albedo].png
  artifactKey: Guid(d7ffe1fa944f34298b984303aca8ae36) Importer(815301076,1909f56bfc062723c751e8b465ee728b)
Start importing Assets/Conifers [BOTD]/Shared Sources/Textures/Billboards/Billboard Tall/Conifer Tall [Albedo].png using Guid(d7ffe1fa944f34298b984303aca8ae36) Importer(815301076,1909f56bfc062723c751e8b465ee728b)  -> (artifact id: '844798131bf87ee6184b98bec5d03959') in 0.044441 seconds
Number of updated asset objects reloaded before import = 0
Number of asset objects unloaded after import = 2
========================================================================
Received Import Request.
  Time since last request: 0.032741 seconds.
  path: Assets/Conifers [BOTD]/Render Pipeline Support/Built-in RP/CTI Runtime Components/Default Components/Resources/CTI_default_normal_spec_ao.psd
  artifactKey: Guid(37fe0b5bbca93450593b8790186bf777) Importer(815301076,1909f56bfc062723c751e8b465ee728b)
Start importing Assets/Conifers [BOTD]/Render Pipeline Support/Built-in RP/CTI Runtime Components/Default Components/Resources/CTI_default_normal_spec_ao.psd using Guid(37fe0b5bbca93450593b8790186bf777) Importer(815301076,1909f56bfc062723c751e8b465ee728b)  -> (artifact id: 'c3bd0a1b12fbbbcbddc8cbe0c2a518db') in 0.030208 seconds
Number of updated asset objects reloaded before import = 0
Number of asset objects unloaded after import = 2
========================================================================
Received Import Request.
  Time since last request: 158.984100 seconds.
  path: Assets/Easy FPS/Images/vertical_crosshir.png
  artifactKey: Guid(3f8b669e9880644cbb903f67bbc9f824) Importer(815301076,1909f56bfc062723c751e8b465ee728b)
Start importing Assets/Easy FPS/Images/vertical_crosshir.png using Guid(3f8b669e9880644cbb903f67bbc9f824) Importer(815301076,1909f56bfc062723c751e8b465ee728b)  -> (artifact id: '85d1e2b289f71a052d56154df7bc5ef6') in 0.041108 seconds
Number of updated asset objects reloaded before import = 0
Number of asset objects unloaded after import = 2
========================================================================
Received Import Request.
  Time since last request: 33.347540 seconds.
  path: Assets/Easy FPS/Prefabs/Bullet.prefab
  artifactKey: Guid(c9e619a669d974fd28b5c89e43f2bce2) Importer(815301076,1909f56bfc062723c751e8b465ee728b)
Start importing Assets/Easy FPS/Prefabs/Bullet.prefab using Guid(c9e619a669d974fd28b5c89e43f2bce2) Importer(815301076,1909f56bfc062723c751e8b465ee728b)  -> (artifact id: '3e7daab46afc34f34b2a69661019e69d') in 0.232999 seconds
Number of updated asset objects reloaded before import = 0
Number of asset objects unloaded after import = 24
========================================================================
Received Import Request.
  Time since last request: 0.000060 seconds.
  path: Assets/Easy FPS/MuzzelFlash/MuzzlePrefabs/muzzelFlash 05.prefab
  artifactKey: Guid(4aa4c63f0f9d6a84dbaeed6b9caeca80) Importer(815301076,1909f56bfc062723c751e8b465ee728b)
Start importing Assets/Easy FPS/MuzzelFlash/MuzzlePrefabs/muzzelFlash 05.prefab using Guid(4aa4c63f0f9d6a84dbaeed6b9caeca80) Importer(815301076,1909f56bfc062723c751e8b465ee728b)  -> (artifact id: '894e2b3bbfa568c4706a862e48681e47') in 0.180588 seconds
Number of updated asset objects reloaded before import = 0
Number of asset objects unloaded after import = 10
========================================================================
Received Import Request.
  Time since last request: 0.000073 seconds.
  path: Assets/Easy FPS/Model_Animations_Textures/main character/FPS_Character_prefab.prefab
  artifactKey: Guid(13c46916fa552fb4e846d566e8b3a073) Importer(815301076,1909f56bfc062723c751e8b465ee728b)
Start importing Assets/Easy FPS/Model_Animations_Textures/main character/FPS_Character_prefab.prefab using Guid(13c46916fa552fb4e846d566e8b3a073) Importer(815301076,1909f56bfc062723c751e8b465ee728b)  -> (artifact id: '0f9e11d658261eb39baa828d7fa06ba0') in 1.120617 seconds
Number of updated asset objects reloaded before import = 0
Number of asset objects unloaded after import = 179
========================================================================
Received Import Request.
  Time since last request: 0.000049 seconds.
  path: Assets/Easy FPS/MuzzelFlash/MuzzlePrefabs/muzzelFlash 01.prefab
  artifactKey: Guid(51b76f616384d4946bed4ecc9a6c2c3e) Importer(815301076,1909f56bfc062723c751e8b465ee728b)
Start importing Assets/Easy FPS/MuzzelFlash/MuzzlePrefabs/muzzelFlash 01.prefab using Guid(51b76f616384d4946bed4ecc9a6c2c3e) Importer(815301076,1909f56bfc062723c751e8b465ee728b)  -> (artifact id: 'b23664269e156bec30f0f4921ac98f91') in 0.043090 seconds
Number of updated asset objects reloaded before import = 0
Number of asset objects unloaded after import = 10
========================================================================
Received Import Request.
  Time since last request: 0.000041 seconds.
  path: Assets/Easy FPS/Prefabs/bulletHole.prefab
  artifactKey: Guid(b2ac1383a96f94a50b7ed458be173bbd) Importer(815301076,1909f56bfc062723c751e8b465ee728b)
Start importing Assets/Easy FPS/Prefabs/bulletHole.prefab using Guid(b2ac1383a96f94a50b7ed458be173bbd) Importer(815301076,1909f56bfc062723c751e8b465ee728b)  -> (artifact id: '7aec1650ac6fc0c3f5bbb4a81ba8f142') in 0.400872 seconds
Number of updated asset objects reloaded before import = 0
Number of asset objects unloaded after import = 10
========================================================================
Received Import Request.
  Time since last request: 0.000036 seconds.
  path: Assets/Conifers [BOTD]/Render Pipeline Support/Built-in RP/Prefabs/PF Conifer Tall BOTD.prefab
  artifactKey: Guid(f41642586885949968180791f012ee81) Importer(815301076,1909f56bfc062723c751e8b465ee728b)
Start importing Assets/Conifers [BOTD]/Render Pipeline Support/Built-in RP/Prefabs/PF Conifer Tall BOTD.prefab using Guid(f41642586885949968180791f012ee81) Importer(815301076,1909f56bfc062723c751e8b465ee728b)  -> (artifact id: '78ff6953e8bc5916e067a65cc52ac408') in 4.757689 seconds
Number of updated asset objects reloaded before import = 0
Number of asset objects unloaded after import = 38
========================================================================
Received Import Request.
  Time since last request: 0.000040 seconds.
  path: Assets/Easy FPS/MuzzelFlash/MuzzlePrefabs/muzzelFlash 02.prefab
  artifactKey: Guid(487eef9aff9d0f543836d5af5ab26430) Importer(815301076,1909f56bfc062723c751e8b465ee728b)
Start importing Assets/Easy FPS/MuzzelFlash/MuzzlePrefabs/muzzelFlash 02.prefab using Guid(487eef9aff9d0f543836d5af5ab26430) Importer(815301076,1909f56bfc062723c751e8b465ee728b)  -> (artifact id: '7611010242d988c3106cfeee6e573d5e') in 0.099225 seconds
Number of updated asset objects reloaded before import = 0
Number of asset objects unloaded after import = 10
========================================================================
Received Import Request.
  Time since last request: 0.000039 seconds.
  path: Assets/Easy FPS/MuzzelFlash/MuzzlePrefabs/muzzelFlash 03.prefab
  artifactKey: Guid(7b6a7e40bd9ccc0489274923930761c7) Importer(815301076,1909f56bfc062723c751e8b465ee728b)
Start importing Assets/Easy FPS/MuzzelFlash/MuzzlePrefabs/muzzelFlash 03.prefab using Guid(7b6a7e40bd9ccc0489274923930761c7) Importer(815301076,1909f56bfc062723c751e8b465ee728b)  -> (artifact id: 'f1f758e6af7e32d8fec32fecf44cf522') in 0.036220 seconds
Number of updated asset objects reloaded before import = 0
Number of asset objects unloaded after import = 10
========================================================================
Received Import Request.
  Time since last request: 0.000025 seconds.
  path: Assets/Easy FPS/MuzzelFlash/MuzzlePrefabs/muzzelFlash 04.prefab
  artifactKey: Guid(29d86feb88bf925428f9d7de6d4b401f) Importer(815301076,1909f56bfc062723c751e8b465ee728b)
Start importing Assets/Easy FPS/MuzzelFlash/MuzzlePrefabs/muzzelFlash 04.prefab using Guid(29d86feb88bf925428f9d7de6d4b401f) Importer(815301076,1909f56bfc062723c751e8b465ee728b)  -> (artifact id: '30ca69d6db1ab47b05b7f5ac3f952653') in 0.035991 seconds
Number of updated asset objects reloaded before import = 0
Number of asset objects unloaded after import = 10
========================================================================
Received Import Request.
  Time since last request: 0.000025 seconds.
  path: Assets/Conifers [BOTD]/Render Pipeline Support/Built-in RP/Prefabs/PF Conifer Bare BOTD.prefab
  artifactKey: Guid(539fa9bc6500e44708e0f7b2c78cbefe) Importer(815301076,1909f56bfc062723c751e8b465ee728b)
Start importing Assets/Conifers [BOTD]/Render Pipeline Support/Built-in RP/Prefabs/PF Conifer Bare BOTD.prefab using Guid(539fa9bc6500e44708e0f7b2c78cbefe) Importer(815301076,1909f56bfc062723c751e8b465ee728b)  -> (artifact id: '26d2c8e1742c6d68d1f9422ea732ee25') in 0.967519 seconds
Number of updated asset objects reloaded before import = 0
Number of asset objects unloaded after import = 38
========================================================================
Received Import Request.
  Time since last request: 0.000059 seconds.
  path: Assets/Conifers [BOTD]/Render Pipeline Support/Built-in RP/Prefabs/PF Conifer Medium BOTD.prefab
  artifactKey: Guid(abdd95d0229d64588b03d2806d9cc19a) Importer(815301076,1909f56bfc062723c751e8b465ee728b)
Start importing Assets/Conifers [BOTD]/Render Pipeline Support/Built-in RP/Prefabs/PF Conifer Medium BOTD.prefab using Guid(abdd95d0229d64588b03d2806d9cc19a) Importer(815301076,1909f56bfc062723c751e8b465ee728b)  -> (artifact id: '59c2bf1a530507c2e32c69e8c0043d4f') in 2.308778 seconds
Number of updated asset objects reloaded before import = 0
Number of asset objects unloaded after import = 37
========================================================================
Received Import Request.
  Time since last request: 583.600373 seconds.
  path: Assets/Easy FPS/MuzzelFlash/Materials/Muzzle05.mat
  artifactKey: Guid(42e97eacea5b1d24aa1d08e05f52a2f3) Importer(815301076,1909f56bfc062723c751e8b465ee728b)
Start importing Assets/Easy FPS/MuzzelFlash/Materials/Muzzle05.mat using Guid(42e97eacea5b1d24aa1d08e05f52a2f3) Importer(815301076,1909f56bfc062723c751e8b465ee728b)  -> (artifact id: '7f9bfbd163b58c09b9002379edcc68a7') in 0.172126 seconds
Number of updated asset objects reloaded before import = 0
Number of asset objects unloaded after import = 2
========================================================================
Received Import Request.
  Time since last request: 0.000076 seconds.
  path: Assets/Easy FPS/Model_Animations_Textures/main character/Materials/Hands_Material.mat
  artifactKey: Guid(565a3425a1d18224da864f597f3c22db) Importer(815301076,1909f56bfc062723c751e8b465ee728b)
Start importing Assets/Easy FPS/Model_Animations_Textures/main character/Materials/Hands_Material.mat using Guid(565a3425a1d18224da864f597f3c22db) Importer(815301076,1909f56bfc062723c751e8b465ee728b)  -> (artifact id: '362989c4ec57b565ae484b55fe4c6efe') in 0.053136 seconds
Number of updated asset objects reloaded before import = 0
Number of asset objects unloaded after import = 5
========================================================================
Received Import Request.
  Time since last request: 0.000052 seconds.
  path: Assets/Conifers [BOTD]/Render Pipeline Support/Built-in RP/Sources/Materials/M Conifer Bark Array BODT.mat
  artifactKey: Guid(a7e78992c7c5347a29bb4ad9b987be59) Importer(815301076,1909f56bfc062723c751e8b465ee728b)
Start importing Assets/Conifers [BOTD]/Render Pipeline Support/Built-in RP/Sources/Materials/M Conifer Bark Array BODT.mat using Guid(a7e78992c7c5347a29bb4ad9b987be59) Importer(815301076,1909f56bfc062723c751e8b465ee728b)  -> (artifact id: 'a8892840a17a25fdbd67b66c8d8d90aa') in 0.531023 seconds
Number of updated asset objects reloaded before import = 0
Number of asset objects unloaded after import = 7
========================================================================
Received Import Request.
  Time since last request: 0.000053 seconds.
  path: Assets/ADG_Textures/ground_vol1/ground3/ground3.mat
  artifactKey: Guid(594c9e2618b97d542bae8e47e544b7f1) Importer(815301076,1909f56bfc062723c751e8b465ee728b)
Start importing Assets/ADG_Textures/ground_vol1/ground3/ground3.mat using Guid(594c9e2618b97d542bae8e47e544b7f1) Importer(815301076,1909f56bfc062723c751e8b465ee728b)  -> (artifact id: 'cf81f3af8d8d92a96adb6cb8294973c9') in 0.689899 seconds
Number of updated asset objects reloaded before import = 0
Number of asset objects unloaded after import = 5
========================================================================
Received Import Request.
  Time since last request: 0.000043 seconds.
  path: Assets/FreeNightSky/Materials/nightsky1.mat
  artifactKey: Guid(7e1e5781d39549148abcbf66c428df00) Importer(815301076,1909f56bfc062723c751e8b465ee728b)
Start importing Assets/FreeNightSky/Materials/nightsky1.mat using Guid(7e1e5781d39549148abcbf66c428df00) Importer(815301076,1909f56bfc062723c751e8b465ee728b)  -> (artifact id: 'c03636aa3bee2af9dec2f4b42704ae7d') in 0.473111 seconds
Number of updated asset objects reloaded before import = 0
Number of asset objects unloaded after import = 7
========================================================================
Received Import Request.
  Time since last request: 0.000051 seconds.
  path: Assets/Easy FPS/MuzzelFlash/Materials/Muzzle02.mat
  artifactKey: Guid(380a0f7657a8d6043b2d85664cc0fe7b) Importer(815301076,1909f56bfc062723c751e8b465ee728b)
Start importing Assets/Easy FPS/MuzzelFlash/Materials/Muzzle02.mat using Guid(380a0f7657a8d6043b2d85664cc0fe7b) Importer(815301076,1909f56bfc062723c751e8b465ee728b)  -> (artifact id: 'abb3bb43d0d659b5ff4fc674b736687e') in 0.043420 seconds
Number of updated asset objects reloaded before import = 0
Number of asset objects unloaded after import = 2
========================================================================
Received Import Request.
  Time since last request: 0.000056 seconds.
  path: Assets/ADG_Textures/ground_vol1/ground13/ground13.mat
  artifactKey: Guid(2785d3e261e963c4793fc5970256592e) Importer(815301076,1909f56bfc062723c751e8b465ee728b)
Start importing Assets/ADG_Textures/ground_vol1/ground13/ground13.mat using Guid(2785d3e261e963c4793fc5970256592e) Importer(815301076,1909f56bfc062723c751e8b465ee728b)  -> (artifact id: '125b168e871607782f82883347efc736') in 0.081870 seconds
Number of updated asset objects reloaded before import = 0
Number of asset objects unloaded after import = 5
========================================================================
Received Import Request.
  Time since last request: 0.000051 seconds.
  path: Assets/ADG_Textures/ground_vol1/ground4/ground4.mat
  artifactKey: Guid(58621eb9da53bb648ab64c4982c9d407) Importer(815301076,1909f56bfc062723c751e8b465ee728b)
Start importing Assets/ADG_Textures/ground_vol1/ground4/ground4.mat using Guid(58621eb9da53bb648ab64c4982c9d407) Importer(815301076,1909f56bfc062723c751e8b465ee728b)  -> (artifact id: 'f96a111ed964182647998667ebaa56df') in 0.056313 seconds
Number of updated asset objects reloaded before import = 0
Number of asset objects unloaded after import = 5
========================================================================
Received Import Request.
  Time since last request: 0.000033 seconds.
  path: Assets/Conifers [BOTD]/Render Pipeline Support/Built-in RP/Sources/Materials/M Conifer Leaves BODT.mat
  artifactKey: Guid(086b89f98297d43a4ae1f80ebc88e938) Importer(815301076,1909f56bfc062723c751e8b465ee728b)
Start importing Assets/Conifers [BOTD]/Render Pipeline Support/Built-in RP/Sources/Materials/M Conifer Leaves BODT.mat using Guid(086b89f98297d43a4ae1f80ebc88e938) Importer(815301076,1909f56bfc062723c751e8b465ee728b)  -> (artifact id: 'c93a1daf4c72dc6743c9a9d0db2f49c0') in 0.432042 seconds
Number of updated asset objects reloaded before import = 0
Number of asset objects unloaded after import = 6
========================================================================
Received Import Request.
  Time since last request: 0.000069 seconds.
  path: Assets/Conifers [BOTD]/Render Pipeline Support/Built-in RP/Sources/Materials/M Conifer Bark Simple BODT.mat
  artifactKey: Guid(fcbc9e998124d414da7cb0d951f649a3) Importer(815301076,1909f56bfc062723c751e8b465ee728b)
Start importing Assets/Conifers [BOTD]/Render Pipeline Support/Built-in RP/Sources/Materials/M Conifer Bark Simple BODT.mat using Guid(fcbc9e998124d414da7cb0d951f649a3) Importer(815301076,1909f56bfc062723c751e8b465ee728b)  -> (artifact id: 'ced3d87c5ce25be5d67d6c30433b94df') in 0.861332 seconds
Number of updated asset objects reloaded before import = 0
Number of asset objects unloaded after import = 7
========================================================================
Received Import Request.
  Time since last request: 0.000045 seconds.
  path: Assets/ADG_Textures/ground_vol1/ground7/ground7.mat
  artifactKey: Guid(9b2d9ffb6a28d244e8e9025b4a87f779) Importer(815301076,1909f56bfc062723c751e8b465ee728b)
Start importing Assets/ADG_Textures/ground_vol1/ground7/ground7.mat using Guid(9b2d9ffb6a28d244e8e9025b4a87f779) Importer(815301076,1909f56bfc062723c751e8b465ee728b)  -> (artifact id: '6e3f79515c9bb360ad2c37dadbe68f3c') in 0.089392 seconds
Number of updated asset objects reloaded before import = 0
Number of asset objects unloaded after import = 5
========================================================================
Received Import Request.
  Time since last request: 0.000028 seconds.
  path: Assets/Conifers [BOTD]/Render Pipeline Support/Built-in RP/Sources/Billboards/Conifer Bare_BillboardMaterial.mat
  artifactKey: Guid(be7cd6e9ad58a462a91b1cae7694ef4c) Importer(815301076,1909f56bfc062723c751e8b465ee728b)
Start importing Assets/Conifers [BOTD]/Render Pipeline Support/Built-in RP/Sources/Billboards/Conifer Bare_BillboardMaterial.mat using Guid(be7cd6e9ad58a462a91b1cae7694ef4c) Importer(815301076,1909f56bfc062723c751e8b465ee728b)  -> (artifact id: '7848ff3d887778d60b88f4aa6e0f0849') in 1.209408 seconds
Number of updated asset objects reloaded before import = 0
Number of asset objects unloaded after import = 4
========================================================================
Received Import Request.
  Time since last request: 295.757761 seconds.
  path: Assets/NewLayer.terrainlayer
  artifactKey: Guid(abd8e89159e58a0498b70416eeb94b40) Importer(815301076,1909f56bfc062723c751e8b465ee728b)
Start importing Assets/NewLayer.terrainlayer using Guid(abd8e89159e58a0498b70416eeb94b40) Importer(815301076,1909f56bfc062723c751e8b465ee728b)  -> (artifact id: '6750d3ac3a1605558a0af8a7a96176f5') in 0.101942 seconds
Number of updated asset objects reloaded before import = 0
Number of asset objects unloaded after import = 2
========================================================================
Received Import Request.
  Time since last request: 0.031007 seconds.
  path: Assets/NewLayer 1.terrainlayer
  artifactKey: Guid(4786e6e246880e548913f1db288b0420) Importer(815301076,1909f56bfc062723c751e8b465ee728b)
Start importing Assets/NewLayer 1.terrainlayer using Guid(4786e6e246880e548913f1db288b0420) Importer(815301076,1909f56bfc062723c751e8b465ee728b)  -> (artifact id: 'd55462a7b06cdce2786add2cc2c65f61') in 0.042166 seconds
Number of updated asset objects reloaded before import = 0
Number of asset objects unloaded after import = 2
========================================================================
Received Import Request.
  Time since last request: 0.000047 seconds.
  path: Assets/NewLayer 3.terrainlayer
  artifactKey: Guid(7c992961595c8474c8796352dc6951be) Importer(815301076,1909f56bfc062723c751e8b465ee728b)
Start importing Assets/NewLayer 3.terrainlayer using Guid(7c992961595c8474c8796352dc6951be) Importer(815301076,1909f56bfc062723c751e8b465ee728b)  -> (artifact id: '57f03c2cbd1c20f8fcdf9a7187b1c647') in 0.042042 seconds
Number of updated asset objects reloaded before import = 0
Number of asset objects unloaded after import = 2
========================================================================
Received Prepare
Begin MonoManager ReloadAssembly
Symbol file LoadedFromMemory doesn't match image C:\Users\harsh\Desktop\Unity\Terrain\Library\PackageCache\com.unity.visualscripting@1.8.0\Editor\VisualScripting.Core\Dependencies\YamlDotNet\Unity.VisualScripting.YamlDotNet.dll
Symbol file LoadedFromMemory doesn't match image C:\Users\harsh\Desktop\Unity\Terrain\Library\PackageCache\com.unity.visualscripting@1.8.0\Editor\VisualScripting.Core\Dependencies\DotNetZip\Unity.VisualScripting.IonicZip.dll
- Loaded All Assemblies, in  3.844 seconds
Refreshing native plugins compatible for Editor in 13.30 ms, found 3 plugins.
Native extension for WindowsStandalone target not found
Native extension for Android target not found
Native extension for WebGL target not found
Mono: successfully reloaded assembly
- Finished resetting the current domain, in  5.596 seconds
Domain Reload Profiling: 9434ms
	BeginReloadAssembly (488ms)
		ExecutionOrderSort (0ms)
		DisableScriptedObjects (17ms)
		BackupInstance (0ms)
		ReleaseScriptingObjects (0ms)
		CreateAndSetChildDomain (250ms)
	RebuildCommonClasses (71ms)
	RebuildNativeTypeToScriptingClass (23ms)
	initialDomainReloadingComplete (70ms)
	LoadAllAssembliesAndSetupDomain (3183ms)
		LoadAssemblies (1096ms)
		RebuildTransferFunctionScriptingTraits (0ms)
		AnalyzeDomain (2212ms)
			TypeCache.Refresh (2202ms)
				TypeCache.ScanAssembly (1703ms)
			ScanForSourceGeneratedMonoScriptInfo (0ms)
			ResolveRequiredComponents (9ms)
	FinalizeReload (5598ms)
		ReleaseScriptCaches (0ms)
		RebuildScriptCaches (0ms)
		SetupLoadedEditorAssemblies (1331ms)
			LogAssemblyErrors (0ms)
			InitializePlatformSupportModulesInManaged (114ms)
			SetLoadedEditorAssemblies (17ms)
			RefreshPlugins (0ms)
			BeforeProcessingInitializeOnLoad (251ms)
			ProcessInitializeOnLoadAttributes (876ms)
			ProcessInitializeOnLoadMethodAttributes (51ms)
			AfterProcessingInitializeOnLoad (21ms)
			EditorAssembliesLoaded (0ms)
		ExecutionOrderSort2 (0ms)
		AwakeInstancesAfterBackupRestoration (19ms)
Refreshing native plugins compatible for Editor in 24.23 ms, found 3 plugins.
Preloading 0 native plugins for Editor in 0.00 ms.
Unloading 3075 Unused Serialized files (Serialized files now loaded: 0)
Unloading 25 unused Assets / (438.8 KB). Loaded Objects now: 3614.
Memory consumption went from 140.9 MB to 140.5 MB.
Total: 10.870600 ms (FindLiveObjects: 0.494900 ms CreateObjectMapping: 0.321000 ms MarkObjects: 9.202800 ms  DeleteObjects: 0.848800 ms)

Prepare: number of updated asset objects reloaded= 0
AssetImportParameters requested are different than current active one (requested -> active):
  custom:container-demuxer-ogg: 62fdf1f143b41e24485cea50d1cbac27 -> 
  custom:video-codec-MediaFoundation-h265: 746d11721c4dcdbdad8f713fa42b33f4 -> 
  custom:video-decoder-ogg-theora: a1e56fd34408186e4bbccfd4996cb3dc -> 
  custom:framework-win-MediaFoundation: 216162199b28c13a410421893ffa2e32 -> 
  custom:container-demuxer-webm: 4f35f7cbe854078d1ac9338744f61a02 -> 
  custom:container-muxer-webm: aa71ff27fc2769a1b78a27578f13a17b -> 
  custom:video-decoder-webm-vp8: 9c59270c3fd7afecdb556c50c9e8de78 -> 
  custom:SearchIndexIgnoredProperties: e643bd26f0fe6173181afceb89e7c659 -> 
  custom:AudioImporter_EditorPlatform: d09bf68614088b80899f8185d706f6e7 -> 
  custom:video-encoder-webm-vp8: eb34c28f22e8b96e1ab97ce403110664 -> 
  custom:audio-decoder-ogg-vorbis: bf7c407c2cedff20999df2af8eb42d56 -> 
  custom:audio-encoder-webm-vorbis: bf7c407c2cedff20999df2af8eb42d56 -> 
========================================================================
Received Import Request.
  Time since last request: 67.000730 seconds.
  path: Assets/Building Apartment/Mesh/Building_Apartment_13.fbx
  artifactKey: Guid(d6812f3f59620f84c91bbeb477f8f32b) Importer(815301076,1909f56bfc062723c751e8b465ee728b)
Start importing Assets/Building Apartment/Mesh/Building_Apartment_13.fbx using Guid(d6812f3f59620f84c91bbeb477f8f32b) Importer(815301076,1909f56bfc062723c751e8b465ee728b)  -> (artifact id: '7fadf153f0ae2b960a6fc64846f4ea2d') in 1.030290 seconds
Number of updated asset objects reloaded before import = 0
Number of asset objects unloaded after import = 12
========================================================================
Received Import Request.
  Time since last request: 135.142801 seconds.
  path: Assets/Building Apartment/Texture/Building_Apartment_13.png
  artifactKey: Guid(7c557e27f3d74a046a6c12b45c8b2be1) Importer(815301076,1909f56bfc062723c751e8b465ee728b)
Start importing Assets/Building Apartment/Texture/Building_Apartment_13.png using Guid(7c557e27f3d74a046a6c12b45c8b2be1) Importer(815301076,1909f56bfc062723c751e8b465ee728b)  -> (artifact id: '3811b3f502093c66ced329bbb5988606') in 0.085171 seconds
Number of updated asset objects reloaded before import = 0
Number of asset objects unloaded after import = 2
========================================================================
Received Prepare
Begin MonoManager ReloadAssembly
Symbol file LoadedFromMemory doesn't match image C:\Users\harsh\Desktop\Unity\Terrain\Library\PackageCache\com.unity.visualscripting@1.8.0\Editor\VisualScripting.Core\Dependencies\YamlDotNet\Unity.VisualScripting.YamlDotNet.dll
Symbol file LoadedFromMemory doesn't match image C:\Users\harsh\Desktop\Unity\Terrain\Library\PackageCache\com.unity.visualscripting@1.8.0\Editor\VisualScripting.Core\Dependencies\DotNetZip\Unity.VisualScripting.IonicZip.dll
- Loaded All Assemblies, in  4.302 seconds
Refreshing native plugins compatible for Editor in 15.76 ms, found 3 plugins.
Native extension for WindowsStandalone target not found
Native extension for Android target not found
Native extension for WebGL target not found
Mono: successfully reloaded assembly
- Finished resetting the current domain, in  5.734 seconds
Domain Reload Profiling: 10033ms
	BeginReloadAssembly (668ms)
		ExecutionOrderSort (0ms)
		DisableScriptedObjects (32ms)
		BackupInstance (0ms)
		ReleaseScriptingObjects (1ms)
		CreateAndSetChildDomain (303ms)
	RebuildCommonClasses (69ms)
	RebuildNativeTypeToScriptingClass (23ms)
	initialDomainReloadingComplete (70ms)
	LoadAllAssembliesAndSetupDomain (3468ms)
		LoadAssemblies (1031ms)
		RebuildTransferFunctionScriptingTraits (0ms)
		AnalyzeDomain (2618ms)
			TypeCache.Refresh (2603ms)
				TypeCache.ScanAssembly (2526ms)
			ScanForSourceGeneratedMonoScriptInfo (1ms)
			ResolveRequiredComponents (15ms)
	FinalizeReload (5735ms)
		ReleaseScriptCaches (0ms)
		RebuildScriptCaches (0ms)
		SetupLoadedEditorAssemblies (1364ms)
			LogAssemblyErrors (0ms)
			InitializePlatformSupportModulesInManaged (107ms)
			SetLoadedEditorAssemblies (17ms)
			RefreshPlugins (0ms)
			BeforeProcessingInitializeOnLoad (215ms)
			ProcessInitializeOnLoadAttributes (931ms)
			ProcessInitializeOnLoadMethodAttributes (61ms)
			AfterProcessingInitializeOnLoad (32ms)
			EditorAssembliesLoaded (0ms)
		ExecutionOrderSort2 (0ms)
		AwakeInstancesAfterBackupRestoration (20ms)
Refreshing native plugins compatible for Editor in 33.52 ms, found 3 plugins.
Preloading 0 native plugins for Editor in 0.00 ms.
Unloading 3071 Unused Serialized files (Serialized files now loaded: 0)
Unloading 25 unused Assets / (438.8 KB). Loaded Objects now: 3620.
Memory consumption went from 140.1 MB to 139.7 MB.
Total: 16.431100 ms (FindLiveObjects: 2.037500 ms CreateObjectMapping: 0.596300 ms MarkObjects: 12.355700 ms  DeleteObjects: 1.437900 ms)

Prepare: number of updated asset objects reloaded= 0
AssetImportParameters requested are different than current active one (requested -> active):
  custom:container-demuxer-ogg: 62fdf1f143b41e24485cea50d1cbac27 -> 
  custom:video-codec-MediaFoundation-h265: 746d11721c4dcdbdad8f713fa42b33f4 -> 
  custom:video-decoder-ogg-theora: a1e56fd34408186e4bbccfd4996cb3dc -> 
  custom:framework-win-MediaFoundation: 216162199b28c13a410421893ffa2e32 -> 
  custom:container-demuxer-webm: 4f35f7cbe854078d1ac9338744f61a02 -> 
  custom:container-muxer-webm: aa71ff27fc2769a1b78a27578f13a17b -> 
  custom:video-decoder-webm-vp8: 9c59270c3fd7afecdb556c50c9e8de78 -> 
  custom:SearchIndexIgnoredProperties: e643bd26f0fe6173181afceb89e7c659 -> 
  custom:AudioImporter_EditorPlatform: d09bf68614088b80899f8185d706f6e7 -> 
  custom:video-encoder-webm-vp8: eb34c28f22e8b96e1ab97ce403110664 -> 
  custom:audio-decoder-ogg-vorbis: bf7c407c2cedff20999df2af8eb42d56 -> 
  custom:audio-encoder-webm-vorbis: bf7c407c2cedff20999df2af8eb42d56 -> 
========================================================================
Received Prepare
Begin MonoManager ReloadAssembly
Symbol file LoadedFromMemory doesn't match image C:\Users\harsh\Desktop\Unity\Terrain\Library\PackageCache\com.unity.visualscripting@1.8.0\Editor\VisualScripting.Core\Dependencies\YamlDotNet\Unity.VisualScripting.YamlDotNet.dll
Symbol file LoadedFromMemory doesn't match image C:\Users\harsh\Desktop\Unity\Terrain\Library\PackageCache\com.unity.visualscripting@1.8.0\Editor\VisualScripting.Core\Dependencies\DotNetZip\Unity.VisualScripting.IonicZip.dll
- Loaded All Assemblies, in  1.376 seconds
Refreshing native plugins compatible for Editor in 9.03 ms, found 3 plugins.
Native extension for WindowsStandalone target not found
Native extension for Android target not found
Native extension for WebGL target not found
Mono: successfully reloaded assembly
- Finished resetting the current domain, in  3.943 seconds
Domain Reload Profiling: 5315ms
	BeginReloadAssembly (277ms)
		ExecutionOrderSort (0ms)
		DisableScriptedObjects (8ms)
		BackupInstance (0ms)
		ReleaseScriptingObjects (0ms)
		CreateAndSetChildDomain (71ms)
	RebuildCommonClasses (66ms)
	RebuildNativeTypeToScriptingClass (27ms)
	initialDomainReloadingComplete (56ms)
	LoadAllAssembliesAndSetupDomain (946ms)
		LoadAssemblies (563ms)
		RebuildTransferFunctionScriptingTraits (0ms)
		AnalyzeDomain (520ms)
			TypeCache.Refresh (509ms)
				TypeCache.ScanAssembly (490ms)
			ScanForSourceGeneratedMonoScriptInfo (0ms)
			ResolveRequiredComponents (11ms)
	FinalizeReload (3944ms)
		ReleaseScriptCaches (0ms)
		RebuildScriptCaches (0ms)
		SetupLoadedEditorAssemblies (1055ms)
			LogAssemblyErrors (0ms)
			InitializePlatformSupportModulesInManaged (83ms)
			SetLoadedEditorAssemblies (13ms)
			RefreshPlugins (0ms)
			BeforeProcessingInitializeOnLoad (180ms)
			ProcessInitializeOnLoadAttributes (691ms)
			ProcessInitializeOnLoadMethodAttributes (64ms)
			AfterProcessingInitializeOnLoad (24ms)
			EditorAssembliesLoaded (1ms)
		ExecutionOrderSort2 (0ms)
		AwakeInstancesAfterBackupRestoration (18ms)
Refreshing native plugins compatible for Editor in 14.55 ms, found 3 plugins.
Preloading 0 native plugins for Editor in 0.00 ms.
Unloading 3072 Unused Serialized files (Serialized files now loaded: 0)
Unloading 25 unused Assets / (438.9 KB). Loaded Objects now: 3623.
Memory consumption went from 140.4 MB to 139.9 MB.
Total: 7.087700 ms (FindLiveObjects: 0.453500 ms CreateObjectMapping: 0.303700 ms MarkObjects: 5.810600 ms  DeleteObjects: 0.517100 ms)

Prepare: number of updated asset objects reloaded= 0
AssetImportParameters requested are different than current active one (requested -> active):
  custom:container-demuxer-ogg: 62fdf1f143b41e24485cea50d1cbac27 -> 
  custom:video-codec-MediaFoundation-h265: 746d11721c4dcdbdad8f713fa42b33f4 -> 
  custom:video-decoder-ogg-theora: a1e56fd34408186e4bbccfd4996cb3dc -> 
  custom:framework-win-MediaFoundation: 216162199b28c13a410421893ffa2e32 -> 
  custom:container-demuxer-webm: 4f35f7cbe854078d1ac9338744f61a02 -> 
  custom:container-muxer-webm: aa71ff27fc2769a1b78a27578f13a17b -> 
  custom:video-decoder-webm-vp8: 9c59270c3fd7afecdb556c50c9e8de78 -> 
  custom:SearchIndexIgnoredProperties: e643bd26f0fe6173181afceb89e7c659 -> 
  custom:AudioImporter_EditorPlatform: d09bf68614088b80899f8185d706f6e7 -> 
  custom:video-encoder-webm-vp8: eb34c28f22e8b96e1ab97ce403110664 -> 
  custom:audio-decoder-ogg-vorbis: bf7c407c2cedff20999df2af8eb42d56 -> 
  custom:audio-encoder-webm-vorbis: bf7c407c2cedff20999df2af8eb42d56 -> 
========================================================================
Received Prepare
Begin MonoManager ReloadAssembly
Symbol file LoadedFromMemory doesn't match image C:\Users\harsh\Desktop\Unity\Terrain\Library\PackageCache\com.unity.visualscripting@1.8.0\Editor\VisualScripting.Core\Dependencies\YamlDotNet\Unity.VisualScripting.YamlDotNet.dll
Symbol file LoadedFromMemory doesn't match image C:\Users\harsh\Desktop\Unity\Terrain\Library\PackageCache\com.unity.visualscripting@1.8.0\Editor\VisualScripting.Core\Dependencies\DotNetZip\Unity.VisualScripting.IonicZip.dll
- Loaded All Assemblies, in  1.161 seconds
Refreshing native plugins compatible for Editor in 3.83 ms, found 3 plugins.
Native extension for WindowsStandalone target not found
Native extension for Android target not found
Native extension for WebGL target not found
Mono: successfully reloaded assembly
- Finished resetting the current domain, in  1.654 seconds
Domain Reload Profiling: 2810ms
	BeginReloadAssembly (216ms)
		ExecutionOrderSort (0ms)
		DisableScriptedObjects (6ms)
		BackupInstance (0ms)
		ReleaseScriptingObjects (0ms)
		CreateAndSetChildDomain (54ms)
	RebuildCommonClasses (48ms)
	RebuildNativeTypeToScriptingClass (13ms)
	initialDomainReloadingComplete (41ms)
	LoadAllAssembliesAndSetupDomain (838ms)
		LoadAssemblies (474ms)
		RebuildTransferFunctionScriptingTraits (0ms)
		AnalyzeDomain (462ms)
			TypeCache.Refresh (457ms)
				TypeCache.ScanAssembly (440ms)
			ScanForSourceGeneratedMonoScriptInfo (0ms)
			ResolveRequiredComponents (4ms)
	FinalizeReload (1654ms)
		ReleaseScriptCaches (0ms)
		RebuildScriptCaches (0ms)
		SetupLoadedEditorAssemblies (684ms)
			LogAssemblyErrors (0ms)
			InitializePlatformSupportModulesInManaged (78ms)
			SetLoadedEditorAssemblies (9ms)
			RefreshPlugins (0ms)
			BeforeProcessingInitializeOnLoad (105ms)
			ProcessInitializeOnLoadAttributes (454ms)
			ProcessInitializeOnLoadMethodAttributes (26ms)
			AfterProcessingInitializeOnLoad (12ms)
			EditorAssembliesLoaded (0ms)
		ExecutionOrderSort2 (0ms)
		AwakeInstancesAfterBackupRestoration (9ms)
Refreshing native plugins compatible for Editor in 13.31 ms, found 3 plugins.
Preloading 0 native plugins for Editor in 0.00 ms.
Unloading 3072 Unused Serialized files (Serialized files now loaded: 0)
Unloading 25 unused Assets / (438.7 KB). Loaded Objects now: 3626.
Memory consumption went from 140.4 MB to 139.9 MB.
Total: 7.862400 ms (FindLiveObjects: 0.449100 ms CreateObjectMapping: 0.357300 ms MarkObjects: 6.490300 ms  DeleteObjects: 0.563800 ms)

Prepare: number of updated asset objects reloaded= 0
AssetImportParameters requested are different than current active one (requested -> active):
  custom:container-demuxer-ogg: 62fdf1f143b41e24485cea50d1cbac27 -> 
  custom:video-codec-MediaFoundation-h265: 746d11721c4dcdbdad8f713fa42b33f4 -> 
  custom:video-decoder-ogg-theora: a1e56fd34408186e4bbccfd4996cb3dc -> 
  custom:framework-win-MediaFoundation: 216162199b28c13a410421893ffa2e32 -> 
  custom:container-demuxer-webm: 4f35f7cbe854078d1ac9338744f61a02 -> 
  custom:container-muxer-webm: aa71ff27fc2769a1b78a27578f13a17b -> 
  custom:video-decoder-webm-vp8: 9c59270c3fd7afecdb556c50c9e8de78 -> 
  custom:SearchIndexIgnoredProperties: e643bd26f0fe6173181afceb89e7c659 -> 
  custom:AudioImporter_EditorPlatform: d09bf68614088b80899f8185d706f6e7 -> 
  custom:video-encoder-webm-vp8: eb34c28f22e8b96e1ab97ce403110664 -> 
  custom:audio-decoder-ogg-vorbis: bf7c407c2cedff20999df2af8eb42d56 -> 
  custom:audio-encoder-webm-vorbis: bf7c407c2cedff20999df2af8eb42d56 -> 
========================================================================
Received Prepare
Begin MonoManager ReloadAssembly
Symbol file LoadedFromMemory doesn't match image C:\Users\harsh\Desktop\Unity\Terrain\Library\PackageCache\com.unity.visualscripting@1.8.0\Editor\VisualScripting.Core\Dependencies\YamlDotNet\Unity.VisualScripting.YamlDotNet.dll
Symbol file LoadedFromMemory doesn't match image C:\Users\harsh\Desktop\Unity\Terrain\Library\PackageCache\com.unity.visualscripting@1.8.0\Editor\VisualScripting.Core\Dependencies\DotNetZip\Unity.VisualScripting.IonicZip.dll
- Loaded All Assemblies, in  1.115 seconds
Refreshing native plugins compatible for Editor in 7.31 ms, found 3 plugins.
Native extension for WindowsStandalone target not found
Native extension for Android target not found
Native extension for WebGL target not found
Mono: successfully reloaded assembly
- Finished resetting the current domain, in  2.343 seconds
Domain Reload Profiling: 3455ms
	BeginReloadAssembly (229ms)
		ExecutionOrderSort (0ms)
		DisableScriptedObjects (6ms)
		BackupInstance (0ms)
		ReleaseScriptingObjects (0ms)
		CreateAndSetChildDomain (72ms)
	RebuildCommonClasses (48ms)
	RebuildNativeTypeToScriptingClass (14ms)
	initialDomainReloadingComplete (53ms)
	LoadAllAssembliesAndSetupDomain (766ms)
		LoadAssemblies (435ms)
		RebuildTransferFunctionScriptingTraits (0ms)
		AnalyzeDomain (424ms)
			TypeCache.Refresh (414ms)
				TypeCache.ScanAssembly (395ms)
			ScanForSourceGeneratedMonoScriptInfo (0ms)
			ResolveRequiredComponents (10ms)
	FinalizeReload (2344ms)
		ReleaseScriptCaches (0ms)
		RebuildScriptCaches (0ms)
		SetupLoadedEditorAssemblies (1107ms)
			LogAssemblyErrors (0ms)
			InitializePlatformSupportModulesInManaged (70ms)
			SetLoadedEditorAssemblies (8ms)
			RefreshPlugins (0ms)
			BeforeProcessingInitializeOnLoad (149ms)
			ProcessInitializeOnLoadAttributes (793ms)
			ProcessInitializeOnLoadMethodAttributes (54ms)
			AfterProcessingInitializeOnLoad (32ms)
			EditorAssembliesLoaded (0ms)
		ExecutionOrderSort2 (0ms)
		AwakeInstancesAfterBackupRestoration (26ms)
Refreshing native plugins compatible for Editor in 23.14 ms, found 3 plugins.
Preloading 0 native plugins for Editor in 0.00 ms.
Unloading 3072 Unused Serialized files (Serialized files now loaded: 0)
Unloading 25 unused Assets / (438.7 KB). Loaded Objects now: 3629.
Memory consumption went from 140.4 MB to 140.0 MB.
Total: 10.280900 ms (FindLiveObjects: 0.878500 ms CreateObjectMapping: 0.532800 ms MarkObjects: 8.232900 ms  DeleteObjects: 0.631600 ms)

Prepare: number of updated asset objects reloaded= 0
AssetImportParameters requested are different than current active one (requested -> active):
  custom:container-demuxer-ogg: 62fdf1f143b41e24485cea50d1cbac27 -> 
  custom:video-codec-MediaFoundation-h265: 746d11721c4dcdbdad8f713fa42b33f4 -> 
  custom:video-decoder-ogg-theora: a1e56fd34408186e4bbccfd4996cb3dc -> 
  custom:framework-win-MediaFoundation: 216162199b28c13a410421893ffa2e32 -> 
  custom:container-demuxer-webm: 4f35f7cbe854078d1ac9338744f61a02 -> 
  custom:container-muxer-webm: aa71ff27fc2769a1b78a27578f13a17b -> 
  custom:video-decoder-webm-vp8: 9c59270c3fd7afecdb556c50c9e8de78 -> 
  custom:SearchIndexIgnoredProperties: e643bd26f0fe6173181afceb89e7c659 -> 
  custom:AudioImporter_EditorPlatform: d09bf68614088b80899f8185d706f6e7 -> 
  custom:video-encoder-webm-vp8: eb34c28f22e8b96e1ab97ce403110664 -> 
  custom:audio-decoder-ogg-vorbis: bf7c407c2cedff20999df2af8eb42d56 -> 
  custom:audio-encoder-webm-vorbis: bf7c407c2cedff20999df2af8eb42d56 -> 
========================================================================
Received Prepare
Refreshing native plugins compatible for Editor in 14.14 ms, found 3 plugins.
Preloading 0 native plugins for Editor in 0.00 ms.
Unloading 4 Unused Serialized files (Serialized files now loaded: 0)
Unloading 4 unused Assets / (418.7 KB). Loaded Objects now: 3629.
Memory consumption went from 93.0 MB to 92.6 MB.
Total: 201.497200 ms (FindLiveObjects: 0.428300 ms CreateObjectMapping: 0.319700 ms MarkObjects: 200.115200 ms  DeleteObjects: 0.631000 ms)

Prepare: number of updated asset objects reloaded= 0
AssetImportParameters requested are different than current active one (requested -> active):
  custom:container-demuxer-ogg: 62fdf1f143b41e24485cea50d1cbac27 -> 
  custom:video-codec-MediaFoundation-h265: 746d11721c4dcdbdad8f713fa42b33f4 -> 
  custom:video-decoder-ogg-theora: a1e56fd34408186e4bbccfd4996cb3dc -> 
  custom:framework-win-MediaFoundation: 216162199b28c13a410421893ffa2e32 -> 
  custom:container-demuxer-webm: 4f35f7cbe854078d1ac9338744f61a02 -> 
  custom:container-muxer-webm: aa71ff27fc2769a1b78a27578f13a17b -> 
  custom:video-decoder-webm-vp8: 9c59270c3fd7afecdb556c50c9e8de78 -> 
  custom:SearchIndexIgnoredProperties: e643bd26f0fe6173181afceb89e7c659 -> 
  custom:AudioImporter_EditorPlatform: d09bf68614088b80899f8185d706f6e7 -> 
  custom:video-encoder-webm-vp8: eb34c28f22e8b96e1ab97ce403110664 -> 
  custom:audio-decoder-ogg-vorbis: bf7c407c2cedff20999df2af8eb42d56 -> 
  custom:audio-encoder-webm-vorbis: bf7c407c2cedff20999df2af8eb42d56 -> 
========================================================================
Received Prepare
Begin MonoManager ReloadAssembly
Symbol file LoadedFromMemory doesn't match image C:\Users\harsh\Desktop\Unity\Terrain\Library\PackageCache\com.unity.visualscripting@1.8.0\Editor\VisualScripting.Core\Dependencies\YamlDotNet\Unity.VisualScripting.YamlDotNet.dll
Symbol file LoadedFromMemory doesn't match image C:\Users\harsh\Desktop\Unity\Terrain\Library\PackageCache\com.unity.visualscripting@1.8.0\Editor\VisualScripting.Core\Dependencies\DotNetZip\Unity.VisualScripting.IonicZip.dll
- Loaded All Assemblies, in 25.934 seconds
Refreshing native plugins compatible for Editor in 36.42 ms, found 3 plugins.
Native extension for WindowsStandalone target not found
Native extension for Android target not found
Native extension for WebGL target not found
Mono: successfully reloaded assembly
- Finished resetting the current domain, in 35.629 seconds
Domain Reload Profiling: 61541ms
	BeginReloadAssembly (4450ms)
		ExecutionOrderSort (1ms)
		DisableScriptedObjects (93ms)
		BackupInstance (0ms)
		ReleaseScriptingObjects (3ms)
		CreateAndSetChildDomain (2328ms)
	RebuildCommonClasses (310ms)
	RebuildNativeTypeToScriptingClass (75ms)
	initialDomainReloadingComplete (240ms)
	LoadAllAssembliesAndSetupDomain (20836ms)
		LoadAssemblies (16697ms)
		RebuildTransferFunctionScriptingTraits (0ms)
		AnalyzeDomain (5328ms)
			TypeCache.Refresh (5302ms)
				TypeCache.ScanAssembly (4638ms)
			ScanForSourceGeneratedMonoScriptInfo (1ms)
			ResolveRequiredComponents (26ms)
	FinalizeReload (35631ms)
		ReleaseScriptCaches (0ms)
		RebuildScriptCaches (0ms)
		SetupLoadedEditorAssemblies (3792ms)
			LogAssemblyErrors (0ms)
			InitializePlatformSupportModulesInManaged (2390ms)
			SetLoadedEditorAssemblies (28ms)
			RefreshPlugins (0ms)
			BeforeProcessingInitializeOnLoad (260ms)
			ProcessInitializeOnLoadAttributes (985ms)
			ProcessInitializeOnLoadMethodAttributes (85ms)
			AfterProcessingInitializeOnLoad (43ms)
			EditorAssembliesLoaded (0ms)
		ExecutionOrderSort2 (0ms)
		AwakeInstancesAfterBackupRestoration (30ms)
Refreshing native plugins compatible for Editor in 82.67 ms, found 3 plugins.
Preloading 0 native plugins for Editor in 0.00 ms.
Unloading 3072 Unused Serialized files (Serialized files now loaded: 0)
Unloading 25 unused Assets / (438.7 KB). Loaded Objects now: 3632.
Memory consumption went from 140.4 MB to 140.0 MB.
Total: 7.948700 ms (FindLiveObjects: 0.475600 ms CreateObjectMapping: 0.313700 ms MarkObjects: 6.472800 ms  DeleteObjects: 0.683400 ms)

Prepare: number of updated asset objects reloaded= 0
AssetImportParameters requested are different than current active one (requested -> active):
  custom:container-demuxer-ogg: 62fdf1f143b41e24485cea50d1cbac27 -> 
  custom:video-codec-MediaFoundation-h265: 746d11721c4dcdbdad8f713fa42b33f4 -> 
  custom:video-decoder-ogg-theora: a1e56fd34408186e4bbccfd4996cb3dc -> 
  custom:framework-win-MediaFoundation: 216162199b28c13a410421893ffa2e32 -> 
  custom:container-demuxer-webm: 4f35f7cbe854078d1ac9338744f61a02 -> 
  custom:container-muxer-webm: aa71ff27fc2769a1b78a27578f13a17b -> 
  custom:video-decoder-webm-vp8: 9c59270c3fd7afecdb556c50c9e8de78 -> 
  custom:SearchIndexIgnoredProperties: e643bd26f0fe6173181afceb89e7c659 -> 
  custom:AudioImporter_EditorPlatform: d09bf68614088b80899f8185d706f6e7 -> 
  custom:video-encoder-webm-vp8: eb34c28f22e8b96e1ab97ce403110664 -> 
  custom:audio-decoder-ogg-vorbis: bf7c407c2cedff20999df2af8eb42d56 -> 
  custom:audio-encoder-webm-vorbis: bf7c407c2cedff20999df2af8eb42d56 -> 
========================================================================
Received Prepare
Begin MonoManager ReloadAssembly
Symbol file LoadedFromMemory doesn't match image C:\Users\harsh\Desktop\Unity\Terrain\Library\PackageCache\com.unity.visualscripting@1.8.0\Editor\VisualScripting.Core\Dependencies\YamlDotNet\Unity.VisualScripting.YamlDotNet.dll
Symbol file LoadedFromMemory doesn't match image C:\Users\harsh\Desktop\Unity\Terrain\Library\PackageCache\com.unity.visualscripting@1.8.0\Editor\VisualScripting.Core\Dependencies\DotNetZip\Unity.VisualScripting.IonicZip.dll
- Loaded All Assemblies, in 14.452 seconds
Refreshing native plugins compatible for Editor in 21.02 ms, found 3 plugins.
Native extension for WindowsStandalone target not found
Native extension for Android target not found
Native extension for WebGL target not found
Mono: successfully reloaded assembly
- Finished resetting the current domain, in 17.785 seconds
Domain Reload Profiling: 32232ms
	BeginReloadAssembly (388ms)
		ExecutionOrderSort (0ms)
		DisableScriptedObjects (13ms)
		BackupInstance (0ms)
		ReleaseScriptingObjects (0ms)
		CreateAndSetChildDomain (84ms)
	RebuildCommonClasses (88ms)
	RebuildNativeTypeToScriptingClass (30ms)
	initialDomainReloadingComplete (86ms)
	LoadAllAssembliesAndSetupDomain (13853ms)
		LoadAssemblies (10693ms)
		RebuildTransferFunctionScriptingTraits (0ms)
		AnalyzeDomain (3352ms)
			TypeCache.Refresh (3338ms)
				TypeCache.ScanAssembly (3103ms)
			ScanForSourceGeneratedMonoScriptInfo (0ms)
			ResolveRequiredComponents (14ms)
	FinalizeReload (17787ms)
		ReleaseScriptCaches (0ms)
		RebuildScriptCaches (0ms)
		SetupLoadedEditorAssemblies (1285ms)
			LogAssemblyErrors (0ms)
			InitializePlatformSupportModulesInManaged (134ms)
			SetLoadedEditorAssemblies (14ms)
			RefreshPlugins (0ms)
			BeforeProcessingInitializeOnLoad (242ms)
			ProcessInitializeOnLoadAttributes (797ms)
			ProcessInitializeOnLoadMethodAttributes (69ms)
			AfterProcessingInitializeOnLoad (30ms)
			EditorAssembliesLoaded (0ms)
		ExecutionOrderSort2 (0ms)
		AwakeInstancesAfterBackupRestoration (22ms)
Refreshing native plugins compatible for Editor in 22.52 ms, found 3 plugins.
Preloading 0 native plugins for Editor in 0.00 ms.
Unloading 3072 Unused Serialized files (Serialized files now loaded: 0)
Unloading 25 unused Assets / (439.1 KB). Loaded Objects now: 3635.
Memory consumption went from 140.4 MB to 140.0 MB.
Total: 12.248700 ms (FindLiveObjects: 0.937000 ms CreateObjectMapping: 1.189800 ms MarkObjects: 8.532400 ms  DeleteObjects: 1.586800 ms)

Prepare: number of updated asset objects reloaded= 0
AssetImportParameters requested are different than current active one (requested -> active):
  custom:container-demuxer-ogg: 62fdf1f143b41e24485cea50d1cbac27 -> 
  custom:video-codec-MediaFoundation-h265: 746d11721c4dcdbdad8f713fa42b33f4 -> 
  custom:video-decoder-ogg-theora: a1e56fd34408186e4bbccfd4996cb3dc -> 
  custom:framework-win-MediaFoundation: 216162199b28c13a410421893ffa2e32 -> 
  custom:container-demuxer-webm: 4f35f7cbe854078d1ac9338744f61a02 -> 
  custom:container-muxer-webm: aa71ff27fc2769a1b78a27578f13a17b -> 
  custom:video-decoder-webm-vp8: 9c59270c3fd7afecdb556c50c9e8de78 -> 
  custom:SearchIndexIgnoredProperties: e643bd26f0fe6173181afceb89e7c659 -> 
  custom:AudioImporter_EditorPlatform: d09bf68614088b80899f8185d706f6e7 -> 
  custom:video-encoder-webm-vp8: eb34c28f22e8b96e1ab97ce403110664 -> 
  custom:audio-decoder-ogg-vorbis: bf7c407c2cedff20999df2af8eb42d56 -> 
  custom:audio-encoder-webm-vorbis: bf7c407c2cedff20999df2af8eb42d56 -> 
TcpMessagingSession - receive error
AssetImportWorkerClient::OnTransportError - code=10054 error=An existing connection was forcibly closed by the remote host.
